This file contains any messages produced by compilers while
running configure, to aid debugging if configure makes a mistake.

It was created by opennx configure 0.16, which was
generated by GNU Autoconf 2.68.  Invocation command line was

  $ ./configure --no-create --no-recursion

## --------- ##
## Platform. ##
## --------- ##

hostname = builder.office.etersoft.ru
uname -m = i686
uname -r = 2.6.32-ovz-el-alt89
uname -s = Linux
uname -v = #1 SMP Wed May 15 17:28:30 UTC 2013

/usr/bin/uname -p = unknown
/bin/uname -X     = unknown

/bin/arch              = unknown
/usr/bin/arch -k       = unknown
/usr/convex/getsysinfo = unknown
/usr/bin/hostinfo      = unknown
/bin/machine           = unknown
/usr/bin/oslevel       = unknown
/bin/universe          = unknown

PATH: /home/korablin/bin
PATH: /bin
PATH: /usr/bin
PATH: /usr/local/bin
PATH: /usr/X11R6/bin
PATH: /usr/games
PATH: /usr/lib/kde3/bin/
PATH: /usr/lib/kde3/bin/


## ----------- ##
## Core tests. ##
## ----------- ##

configure:2603: checking build system type
configure:2617: result: i686-pc-linux-gnu
configure:2637: checking host system type
configure:2650: result: i686-pc-linux-gnu
configure:2670: checking target system type
configure:2683: result: i686-pc-linux-gnu
configure:2739: checking for a BSD-compatible install
configure:2807: result: /bin/install -c
configure:2818: checking whether build environment is sane
configure:2868: result: yes
configure:3009: checking for a thread-safe mkdir -p
configure:3048: result: /bin/mkdir -p
configure:3061: checking for gawk
configure:3077: found /bin/gawk
configure:3088: result: gawk
configure:3099: checking whether make sets $(MAKE)
configure:3121: result: yes
configure:3212: checking whether make supports nested variables
configure:3229: result: yes
configure:3347: checking for g++
configure:3363: found /usr/bin/g++
configure:3374: result: g++
configure:3401: checking for C++ compiler version
configure:3410: g++ --version >&5
i586-alt-linux-g++ (GCC) 4.7.2 20121109 (ALT Linux 4.7.2-alt7)
Copyright (C) 2012 Free Software Foundation, Inc.
This is free software; see the source for copying conditions.  There is NO
warranty; not even for MERCHANTABILITY or FITNESS FOR A PARTICULAR PURPOSE.

configure:3421: $? = 0
configure:3410: g++ -v >&5
Using built-in specs.
COLLECT_GCC=i586-alt-linux-g++
COLLECT_LTO_WRAPPER=/usr/libexec/gcc/i586-alt-linux/4.7.2/lto-wrapper
Target: i586-alt-linux
Configured with: ../configure --host=i586-alt-linux --build=i586-alt-linux --target=i586-alt-linux --prefix=/usr --exec-prefix=/usr --bindir=/usr/bin --sbindir=/usr/sbin --sysconfdir=/etc --datadir=/usr/share --includedir=/usr/include --libdir=/usr/lib --libexecdir=/usr/libexec --localstatedir=/var/lib --sharedstatedir=/var/lib --mandir=/usr/share/man --infodir=/usr/share/info --disable-dependency-tracking --without-included-gettext --enable-shared --enable-bootstrap --program-suffix=-4.7 --with-slibdir=/lib --with-bugurl=http://bugzilla.altlinux.org --enable-__cxa_atexit --enable-threads=posix --enable-checking=release --with-system-zlib --without-included-gettext --enable-multilib --enable-gnu-unique-object --enable-linker-build-id --with-linker-hash-style=gnu --enable-languages=c,c++,fortran,objc,obj-c++,java,ada,go,lto --enable-plugin --enable-java-awt=gtk --with-native-libdir=/usr/lib/gcj-4.7 --with-ecj-jar=/usr/share/java/ecj.jar --with-java-home=/usr/lib/jvm/java-1.5.0-gcj-4.7-1.5.0.0/jre --enable-libgcj-multifile --disable-libjava-multilib --enable-java-maintainer-mode --with-arch=i586 --with-tune=generic
Thread model: posix
gcc version 4.7.2 20121109 (ALT Linux 4.7.2-alt7) (GCC) 
configure:3421: $? = 0
configure:3410: g++ -V >&5
i586-alt-linux-g++: error: unrecognized command line option '-V'
i586-alt-linux-g++: fatal error: no input files
compilation terminated.
configure:3421: $? = 4
configure:3410: g++ -qversion >&5
i586-alt-linux-g++: error: unrecognized command line option '-qversion'
i586-alt-linux-g++: fatal error: no input files
compilation terminated.
configure:3421: $? = 4
configure:3441: checking whether the C++ compiler works
configure:3463: g++    conftest.cpp  >&5
configure:3467: $? = 0
configure:3515: result: yes
configure:3518: checking for C++ compiler default output file name
configure:3520: result: a.out
configure:3526: checking for suffix of executables
configure:3533: g++ -o conftest    conftest.cpp  >&5
configure:3537: $? = 0
configure:3559: result: 
configure:3581: checking whether we are cross compiling
configure:3589: g++ -o conftest    conftest.cpp  >&5
configure:3593: $? = 0
configure:3600: ./conftest
configure:3604: $? = 0
configure:3619: result: no
configure:3624: checking for suffix of object files
configure:3646: g++ -c   conftest.cpp >&5
configure:3650: $? = 0
configure:3671: result: o
configure:3675: checking whether we are using the GNU C++ compiler
configure:3694: g++ -c   conftest.cpp >&5
configure:3694: $? = 0
configure:3703: result: yes
configure:3712: checking whether g++ accepts -g
configure:3732: g++ -c -g  conftest.cpp >&5
configure:3732: $? = 0
configure:3773: result: yes
configure:3807: checking for style of include used by make
configure:3835: result: GNU
configure:3861: checking dependency style of g++
configure:3972: result: gcc3
configure:4041: checking for gcc
configure:4057: found /usr/bin/gcc
configure:4068: result: gcc
configure:4099: checking for C compiler version
configure:4108: gcc --version >&5
i586-alt-linux-gcc (GCC) 4.7.2 20121109 (ALT Linux 4.7.2-alt7)
Copyright (C) 2012 Free Software Foundation, Inc.
This is free software; see the source for copying conditions.  There is NO
warranty; not even for MERCHANTABILITY or FITNESS FOR A PARTICULAR PURPOSE.

configure:4119: $? = 0
configure:4108: gcc -v >&5
Using built-in specs.
COLLECT_GCC=i586-alt-linux-gcc
COLLECT_LTO_WRAPPER=/usr/libexec/gcc/i586-alt-linux/4.7.2/lto-wrapper
Target: i586-alt-linux
Configured with: ../configure --host=i586-alt-linux --build=i586-alt-linux --target=i586-alt-linux --prefix=/usr --exec-prefix=/usr --bindir=/usr/bin --sbindir=/usr/sbin --sysconfdir=/etc --datadir=/usr/share --includedir=/usr/include --libdir=/usr/lib --libexecdir=/usr/libexec --localstatedir=/var/lib --sharedstatedir=/var/lib --mandir=/usr/share/man --infodir=/usr/share/info --disable-dependency-tracking --without-included-gettext --enable-shared --enable-bootstrap --program-suffix=-4.7 --with-slibdir=/lib --with-bugurl=http://bugzilla.altlinux.org --enable-__cxa_atexit --enable-threads=posix --enable-checking=release --with-system-zlib --without-included-gettext --enable-multilib --enable-gnu-unique-object --enable-linker-build-id --with-linker-hash-style=gnu --enable-languages=c,c++,fortran,objc,obj-c++,java,ada,go,lto --enable-plugin --enable-java-awt=gtk --with-native-libdir=/usr/lib/gcj-4.7 --with-ecj-jar=/usr/share/java/ecj.jar --with-java-home=/usr/lib/jvm/java-1.5.0-gcj-4.7-1.5.0.0/jre --enable-libgcj-multifile --disable-libjava-multilib --enable-java-maintainer-mode --with-arch=i586 --with-tune=generic
Thread model: posix
gcc version 4.7.2 20121109 (ALT Linux 4.7.2-alt7) (GCC) 
configure:4119: $? = 0
configure:4108: gcc -V >&5
i586-alt-linux-gcc: error: unrecognized command line option '-V'
i586-alt-linux-gcc: fatal error: no input files
compilation terminated.
configure:4119: $? = 4
configure:4108: gcc -qversion >&5
i586-alt-linux-gcc: error: unrecognized command line option '-qversion'
i586-alt-linux-gcc: fatal error: no input files
compilation terminated.
configure:4119: $? = 4
configure:4123: checking whether we are using the GNU C compiler
configure:4142: gcc -c   conftest.c >&5
configure:4142: $? = 0
configure:4151: result: yes
configure:4160: checking whether gcc accepts -g
configure:4180: gcc -c -g  conftest.c >&5
configure:4180: $? = 0
configure:4221: result: yes
configure:4238: checking for gcc option to accept ISO C89
configure:4302: gcc  -c -g -O2  conftest.c >&5
configure:4302: $? = 0
configure:4315: result: none needed
configure:4337: checking dependency style of gcc
configure:4448: result: gcc3
configure:4540: checking how to print strings
configure:4567: result: printf
configure:4588: checking for a sed that does not truncate output
configure:4652: result: /bin/sed
configure:4670: checking for grep that handles long lines and -e
configure:4728: result: /bin/grep
configure:4733: checking for egrep
configure:4795: result: /bin/grep -E
configure:4800: checking for fgrep
configure:4862: result: /bin/grep -F
configure:4897: checking for ld used by gcc
configure:4964: result: /usr/bin/ld
configure:4971: checking if the linker (/usr/bin/ld) is GNU ld
configure:4986: result: yes
configure:4998: checking for BSD- or MS-compatible name lister (nm)
configure:5047: result: /usr/bin/nm -B
configure:5177: checking the name lister (/usr/bin/nm -B) interface
configure:5184: gcc -c -g -O2  conftest.c >&5
configure:5187: /usr/bin/nm -B "conftest.o"
configure:5190: output
00000000 B some_variable
configure:5197: result: BSD nm
configure:5200: checking whether ln -s works
configure:5204: result: yes
configure:5212: checking the maximum length of command line arguments
configure:5342: result: 5760000
configure:5359: checking whether the shell understands some XSI constructs
configure:5369: result: yes
configure:5373: checking whether the shell understands "+="
configure:5379: result: yes
configure:5414: checking how to convert i686-pc-linux-gnu file names to i686-pc-linux-gnu format
configure:5454: result: func_convert_file_noop
configure:5461: checking how to convert i686-pc-linux-gnu file names to toolchain format
configure:5481: result: func_convert_file_noop
configure:5488: checking for /usr/bin/ld option to reload object files
configure:5495: result: -r
configure:5569: checking for objdump
configure:5585: found /usr/bin/objdump
configure:5596: result: objdump
configure:5628: checking how to recognize dependent libraries
configure:5830: result: pass_all
configure:5915: checking for dlltool
configure:5945: result: no
configure:5975: checking how to associate runtime and link libraries
configure:6002: result: printf %s\n
configure:6063: checking for ar
configure:6079: found /usr/bin/ar
configure:6090: result: ar
configure:6127: checking for archiver @FILE support
configure:6144: gcc -c -g -O2  conftest.c >&5
configure:6144: $? = 0
configure:6147: ar cru libconftest.a @conftest.lst >&5
configure:6150: $? = 0
configure:6155: ar cru libconftest.a @conftest.lst >&5
ar: conftest.o: No such file or directory
configure:6158: $? = 1
configure:6170: result: @
configure:6228: checking for strip
configure:6244: found /usr/bin/strip
configure:6255: result: strip
configure:6327: checking for ranlib
configure:6343: found /usr/bin/ranlib
configure:6354: result: ranlib
configure:6456: checking command to parse /usr/bin/nm -B output from gcc object
configure:6576: gcc -c -g -O2  conftest.c >&5
configure:6579: $? = 0
configure:6583: /usr/bin/nm -B conftest.o \| sed -n -e 's/^.*[ ]\([ABCDGIRSTW][ABCDGIRSTW]*\)[ ][ ]*\([_A-Za-z][_A-Za-z0-9]*\)$/\1 \2 \2/p' | sed '/ __gnu_lto/d' \> conftest.nm
configure:6586: $? = 0
configure:6652: gcc -o conftest -g -O2   conftest.c conftstm.o >&5
configure:6655: $? = 0
configure:6693: result: ok
configure:6730: checking for sysroot
configure:6760: result: no
configure:7016: checking for mt
configure:7046: result: no
configure:7066: checking if : is a manifest tool
configure:7072: : '-?'
configure:7080: result: no
configure:7722: checking how to run the C preprocessor
configure:7753: gcc -E  conftest.c
configure:7753: $? = 0
configure:7767: gcc -E  conftest.c
conftest.c:11:28: fatal error: ac_nonexistent.h: No such file or directory
compilation terminated.
configure:7767: $? = 1
configure: failed program was:
| /* confdefs.h */
| #define PACKAGE_NAME "opennx"
| #define PACKAGE_TARNAME "opennx"
| #define PACKAGE_VERSION "0.16"
| #define PACKAGE_STRING "opennx 0.16"
| #define PACKAGE_BUGREPORT "felfert@users.sf.net"
| #define PACKAGE_URL ""
| #define PACKAGE "opennx"
| #define VERSION "0.16"
| /* end confdefs.h.  */
| #include <ac_nonexistent.h>
configure:7792: result: gcc -E
configure:7812: gcc -E  conftest.c
configure:7812: $? = 0
configure:7826: gcc -E  conftest.c
conftest.c:11:28: fatal error: ac_nonexistent.h: No such file or directory
compilation terminated.
configure:7826: $? = 1
configure: failed program was:
| /* confdefs.h */
| #define PACKAGE_NAME "opennx"
| #define PACKAGE_TARNAME "opennx"
| #define PACKAGE_VERSION "0.16"
| #define PACKAGE_STRING "opennx 0.16"
| #define PACKAGE_BUGREPORT "felfert@users.sf.net"
| #define PACKAGE_URL ""
| #define PACKAGE "opennx"
| #define VERSION "0.16"
| /* end confdefs.h.  */
| #include <ac_nonexistent.h>
configure:7855: checking for ANSI C header files
configure:7875: gcc -c -g -O2  conftest.c >&5
configure:7875: $? = 0
configure:7948: gcc -o conftest -g -O2   conftest.c  >&5
configure:7948: $? = 0
configure:7948: ./conftest
configure:7948: $? = 0
configure:7959: result: yes
configure:7972: checking for sys/types.h
configure:7972: gcc -c -g -O2  conftest.c >&5
configure:7972: $? = 0
configure:7972: result: yes
configure:7972: checking for sys/stat.h
configure:7972: gcc -c -g -O2  conftest.c >&5
configure:7972: $? = 0
configure:7972: result: yes
configure:7972: checking for stdlib.h
configure:7972: gcc -c -g -O2  conftest.c >&5
configure:7972: $? = 0
configure:7972: result: yes
configure:7972: checking for string.h
configure:7972: gcc -c -g -O2  conftest.c >&5
configure:7972: $? = 0
configure:7972: result: yes
configure:7972: checking for memory.h
configure:7972: gcc -c -g -O2  conftest.c >&5
configure:7972: $? = 0
configure:7972: result: yes
configure:7972: checking for strings.h
configure:7972: gcc -c -g -O2  conftest.c >&5
configure:7972: $? = 0
configure:7972: result: yes
configure:7972: checking for inttypes.h
configure:7972: gcc -c -g -O2  conftest.c >&5
configure:7972: $? = 0
configure:7972: result: yes
configure:7972: checking for stdint.h
configure:7972: gcc -c -g -O2  conftest.c >&5
configure:7972: $? = 0
configure:7972: result: yes
configure:7972: checking for unistd.h
configure:7972: gcc -c -g -O2  conftest.c >&5
configure:7972: $? = 0
configure:7972: result: yes
configure:7986: checking for dlfcn.h
configure:7986: gcc -c -g -O2  conftest.c >&5
configure:7986: $? = 0
configure:7986: result: yes
configure:8173: checking for objdir
configure:8188: result: .libs
configure:8459: checking if gcc supports -fno-rtti -fno-exceptions
configure:8477: gcc -c -g -O2  -fno-rtti -fno-exceptions conftest.c >&5
cc1: warning: command line option '-fno-rtti' is valid for C++/ObjC++ but not for C [enabled by default]
configure:8481: $? = 0
configure:8494: result: no
configure:8821: checking for gcc option to produce PIC
configure:8828: result: -fPIC -DPIC
configure:8836: checking if gcc PIC flag -fPIC -DPIC works
configure:8854: gcc -c -g -O2  -fPIC -DPIC -DPIC conftest.c >&5
configure:8858: $? = 0
configure:8871: result: yes
configure:8900: checking if gcc static flag -static works
configure:8928: result: yes
configure:8943: checking if gcc supports -c -o file.o
configure:8964: gcc -c -g -O2  -o out/conftest2.o conftest.c >&5
configure:8968: $? = 0
configure:8990: result: yes
configure:8998: checking if gcc supports -c -o file.o
configure:9045: result: yes
configure:9078: checking whether the gcc linker (/usr/bin/ld) supports shared libraries
configure:10231: result: yes
configure:10471: checking dynamic linker characteristics
configure:10982: gcc -o conftest -g -O2   -Wl,-rpath -Wl,/foo conftest.c  >&5
configure:10982: $? = 0
configure:11208: result: GNU/Linux ld.so
configure:11315: checking how to hardcode library paths into programs
configure:11340: result: immediate
configure:11880: checking whether stripping libraries is possible
configure:11885: result: yes
configure:11920: checking if libtool supports shared libraries
configure:11922: result: yes
configure:11925: checking whether to build shared libraries
configure:11946: result: no
configure:11949: checking whether to build static libraries
configure:11953: result: yes
configure:11976: checking how to run the C++ preprocessor
configure:12004: g++ -E  conftest.cpp
configure:12004: $? = 0
configure:12018: g++ -E  conftest.cpp
conftest.cpp:23:28: fatal error: ac_nonexistent.h: No such file or directory
compilation terminated.
configure:12018: $? = 1
configure: failed program was:
| /* confdefs.h */
| #define PACKAGE_NAME "opennx"
| #define PACKAGE_TARNAME "opennx"
| #define PACKAGE_VERSION "0.16"
| #define PACKAGE_STRING "opennx 0.16"
| #define PACKAGE_BUGREPORT "felfert@users.sf.net"
| #define PACKAGE_URL ""
| #define PACKAGE "opennx"
| #define VERSION "0.16"
| #define STDC_HEADERS 1
| #define HAVE_SYS_TYPES_H 1
| #define HAVE_SYS_STAT_H 1
| #define HAVE_STDLIB_H 1
| #define HAVE_STRING_H 1
| #define HAVE_MEMORY_H 1
| #define HAVE_STRINGS_H 1
| #define HAVE_INTTYPES_H 1
| #define HAVE_STDINT_H 1
| #define HAVE_UNISTD_H 1
| #define HAVE_DLFCN_H 1
| #define LT_OBJDIR ".libs/"
| /* end confdefs.h.  */
| #include <ac_nonexistent.h>
configure:12049: result: g++ -E
configure:12069: g++ -E  conftest.cpp
configure:12069: $? = 0
configure:12083: g++ -E  conftest.cpp
conftest.cpp:23:28: fatal error: ac_nonexistent.h: No such file or directory
compilation terminated.
configure:12083: $? = 1
configure: failed program was:
| /* confdefs.h */
| #define PACKAGE_NAME "opennx"
| #define PACKAGE_TARNAME "opennx"
| #define PACKAGE_VERSION "0.16"
| #define PACKAGE_STRING "opennx 0.16"
| #define PACKAGE_BUGREPORT "felfert@users.sf.net"
| #define PACKAGE_URL ""
| #define PACKAGE "opennx"
| #define VERSION "0.16"
| #define STDC_HEADERS 1
| #define HAVE_SYS_TYPES_H 1
| #define HAVE_SYS_STAT_H 1
| #define HAVE_STDLIB_H 1
| #define HAVE_STRING_H 1
| #define HAVE_MEMORY_H 1
| #define HAVE_STRINGS_H 1
| #define HAVE_INTTYPES_H 1
| #define HAVE_STDINT_H 1
| #define HAVE_UNISTD_H 1
| #define HAVE_DLFCN_H 1
| #define LT_OBJDIR ".libs/"
| /* end confdefs.h.  */
| #include <ac_nonexistent.h>
configure:12256: checking for ld used by g++
configure:12323: result: /usr/bin/ld
configure:12330: checking if the linker (/usr/bin/ld) is GNU ld
configure:12345: result: yes
configure:12400: checking whether the g++ linker (/usr/bin/ld) supports shared libraries
configure:13405: result: yes
configure:13441: g++ -c -g -O2  conftest.cpp >&5
configure:13444: $? = 0
configure:13964: checking for g++ option to produce PIC
configure:13971: result: -fPIC -DPIC
configure:13979: checking if g++ PIC flag -fPIC -DPIC works
configure:13997: g++ -c -g -O2  -fPIC -DPIC -DPIC conftest.cpp >&5
configure:14001: $? = 0
configure:14014: result: yes
configure:14037: checking if g++ static flag -static works
configure:14065: result: no
configure:14077: checking if g++ supports -c -o file.o
configure:14098: g++ -c -g -O2  -o out/conftest2.o conftest.cpp >&5
configure:14102: $? = 0
configure:14124: result: yes
configure:14129: checking if g++ supports -c -o file.o
configure:14176: result: yes
configure:14206: checking whether the g++ linker (/usr/bin/ld) supports shared libraries
configure:14242: result: yes
configure:14383: checking dynamic linker characteristics
configure:15054: result: GNU/Linux ld.so
configure:15107: checking how to hardcode library paths into programs
configure:15132: result: immediate
configure:15193: checking whether ln -s works
configure:15197: result: yes
configure:15205: checking whether NLS is requested
configure:15214: result: yes
configure:15255: checking for msgfmt
configure: trying /usr/bin/msgfmt...
0 translated messages.
configure:15287: result: /usr/bin/msgfmt
configure:15296: checking for gmsgfmt
configure:15327: result: /usr/bin/msgfmt
configure:15378: checking for xgettext
configure: trying /usr/bin/xgettext...
/usr/bin/xgettext: warning: file '/dev/null' extension '' is unknown; will try C
configure:15410: result: /usr/bin/xgettext
configure:15456: checking for msgmerge
configure: trying /usr/bin/msgmerge...
configure:15487: result: /usr/bin/msgmerge
configure:15544: checking for ld used by GCC
configure:15608: result: /usr/bin/ld
configure:15615: checking if the linker (/usr/bin/ld) is GNU ld
configure:15628: result: yes
configure:15635: checking for shared library run path origin
configure:15648: result: done
configure:16220: checking for CFPreferencesCopyAppValue
configure:16238: gcc -o conftest -g -O2   conftest.c  -Wl,-framework -Wl,CoreFoundation >&5
conftest.c:23:42: fatal error: CoreFoundation/CFPreferences.h: No such file or directory
compilation terminated.
configure:16238: $? = 1
configure: failed program was:
| /* confdefs.h */
| #define PACKAGE_NAME "opennx"
| #define PACKAGE_TARNAME "opennx"
| #define PACKAGE_VERSION "0.16"
| #define PACKAGE_STRING "opennx 0.16"
| #define PACKAGE_BUGREPORT "felfert@users.sf.net"
| #define PACKAGE_URL ""
| #define PACKAGE "opennx"
| #define VERSION "0.16"
| #define STDC_HEADERS 1
| #define HAVE_SYS_TYPES_H 1
| #define HAVE_SYS_STAT_H 1
| #define HAVE_STDLIB_H 1
| #define HAVE_STRING_H 1
| #define HAVE_MEMORY_H 1
| #define HAVE_STRINGS_H 1
| #define HAVE_INTTYPES_H 1
| #define HAVE_STDINT_H 1
| #define HAVE_UNISTD_H 1
| #define HAVE_DLFCN_H 1
| #define LT_OBJDIR ".libs/"
| /* end confdefs.h.  */
| #include <CoreFoundation/CFPreferences.h>
| int
| main ()
| {
| CFPreferencesCopyAppValue(NULL, NULL)
|   ;
|   return 0;
| }
configure:16247: result: no
configure:16254: checking for CFLocaleCopyCurrent
configure:16272: gcc -o conftest -g -O2   conftest.c  -Wl,-framework -Wl,CoreFoundation >&5
conftest.c:23:37: fatal error: CoreFoundation/CFLocale.h: No such file or directory
compilation terminated.
configure:16272: $? = 1
configure: failed program was:
| /* confdefs.h */
| #define PACKAGE_NAME "opennx"
| #define PACKAGE_TARNAME "opennx"
| #define PACKAGE_VERSION "0.16"
| #define PACKAGE_STRING "opennx 0.16"
| #define PACKAGE_BUGREPORT "felfert@users.sf.net"
| #define PACKAGE_URL ""
| #define PACKAGE "opennx"
| #define VERSION "0.16"
| #define STDC_HEADERS 1
| #define HAVE_SYS_TYPES_H 1
| #define HAVE_SYS_STAT_H 1
| #define HAVE_STDLIB_H 1
| #define HAVE_STRING_H 1
| #define HAVE_MEMORY_H 1
| #define HAVE_STRINGS_H 1
| #define HAVE_INTTYPES_H 1
| #define HAVE_STDINT_H 1
| #define HAVE_UNISTD_H 1
| #define HAVE_DLFCN_H 1
| #define LT_OBJDIR ".libs/"
| /* end confdefs.h.  */
| #include <CoreFoundation/CFLocale.h>
| int
| main ()
| {
| CFLocaleCopyCurrent();
|   ;
|   return 0;
| }
configure:16281: result: no
configure:16330: checking for GNU gettext in libc
configure:16350: gcc -o conftest -g -O2   conftest.c  >&5
configure:16350: $? = 0
configure:16359: result: yes
configure:17150: checking whether to use NLS
configure:17152: result: yes
configure:17155: checking where the gettext function comes from
configure:17166: result: libc
configure:17225: checking for -objdump
configure:17252: result: objdump
configure:17357: checking for perl
configure:17373: found /usr/bin/perl
configure:17384: result: perl
configure:17454: checking for wget
configure:17470: found /usr/bin/wget
configure:17481: result: wget
configure:17546: checking for curl
configure:17562: found /usr/bin/curl
configure:17573: result: curl
configure:17649: checking for zip
configure:17665: found /usr/bin/zip
configure:17676: result: zip
configure:17702: checking for main in -lws2_32
configure:17721: gcc -o conftest -g -O2   conftest.c -lws2_32   >&5
/usr/bin/ld: cannot find -lws2_32
collect2: error: ld returned 1 exit status
configure:17721: $? = 1
configure: failed program was:
| /* confdefs.h */
| #define PACKAGE_NAME "opennx"
| #define PACKAGE_TARNAME "opennx"
| #define PACKAGE_VERSION "0.16"
| #define PACKAGE_STRING "opennx 0.16"
| #define PACKAGE_BUGREPORT "felfert@users.sf.net"
| #define PACKAGE_URL ""
| #define PACKAGE "opennx"
| #define VERSION "0.16"
| #define STDC_HEADERS 1
| #define HAVE_SYS_TYPES_H 1
| #define HAVE_SYS_STAT_H 1
| #define HAVE_STDLIB_H 1
| #define HAVE_STRING_H 1
| #define HAVE_MEMORY_H 1
| #define HAVE_STRINGS_H 1
| #define HAVE_INTTYPES_H 1
| #define HAVE_STDINT_H 1
| #define HAVE_UNISTD_H 1
| #define HAVE_DLFCN_H 1
| #define LT_OBJDIR ".libs/"
| #define ENABLE_NLS 1
| #define HAVE_GETTEXT 1
| #define HAVE_DCGETTEXT 1
| /* end confdefs.h.  */
| 
| 
| int
| main ()
| {
| return main ();
|   ;
|   return 0;
| }
configure:17730: result: no
configure:17747: checking for res_init in -lresolv
configure:17772: gcc -o conftest -g -O2   conftest.c -lresolv   >&5
/tmp/.private/korablin/cccRXsSE.o: In function `main':
/home/korablin/Projects/opennx-base/opennx/conftest.c:37: undefined reference to `res_init'
collect2: error: ld returned 1 exit status
configure:17772: $? = 1
configure: failed program was:
| /* confdefs.h */
| #define PACKAGE_NAME "opennx"
| #define PACKAGE_TARNAME "opennx"
| #define PACKAGE_VERSION "0.16"
| #define PACKAGE_STRING "opennx 0.16"
| #define PACKAGE_BUGREPORT "felfert@users.sf.net"
| #define PACKAGE_URL ""
| #define PACKAGE "opennx"
| #define VERSION "0.16"
| #define STDC_HEADERS 1
| #define HAVE_SYS_TYPES_H 1
| #define HAVE_SYS_STAT_H 1
| #define HAVE_STDLIB_H 1
| #define HAVE_STRING_H 1
| #define HAVE_MEMORY_H 1
| #define HAVE_STRINGS_H 1
| #define HAVE_INTTYPES_H 1
| #define HAVE_STDINT_H 1
| #define HAVE_UNISTD_H 1
| #define HAVE_DLFCN_H 1
| #define LT_OBJDIR ".libs/"
| #define ENABLE_NLS 1
| #define HAVE_GETTEXT 1
| #define HAVE_DCGETTEXT 1
| /* end confdefs.h.  */
| 
| /* Override any GCC internal prototype to avoid an error.
|    Use char because int might match the return type of a GCC
|    builtin and then its argument prototype would still apply.  */
| #ifdef __cplusplus
| extern "C"
| #endif
| char res_init ();
| int
| main ()
| {
| return res_init ();
|   ;
|   return 0;
| }
configure:17781: result: no
configure:17801: checking arpa/inet.h usability
configure:17801: gcc -c -g -O2  conftest.c >&5
configure:17801: $? = 0
configure:17801: result: yes
configure:17801: checking arpa/inet.h presence
configure:17801: gcc -E  conftest.c
configure:17801: $? = 0
configure:17801: result: yes
configure:17801: checking for arpa/inet.h
configure:17801: result: yes
configure:17801: checking limits.h usability
configure:17801: gcc -c -g -O2  conftest.c >&5
configure:17801: $? = 0
configure:17801: result: yes
configure:17801: checking limits.h presence
configure:17801: gcc -E  conftest.c
configure:17801: $? = 0
configure:17801: result: yes
configure:17801: checking for limits.h
configure:17801: result: yes
configure:17801: checking netinet/in.h usability
configure:17801: gcc -c -g -O2  conftest.c >&5
configure:17801: $? = 0
configure:17801: result: yes
configure:17801: checking netinet/in.h presence
configure:17801: gcc -E  conftest.c
configure:17801: $? = 0
configure:17801: result: yes
configure:17801: checking for netinet/in.h
configure:17801: result: yes
configure:17801: checking netinet/ip.h usability
configure:17801: gcc -c -g -O2  conftest.c >&5
configure:17801: $? = 0
configure:17801: result: yes
configure:17801: checking netinet/ip.h presence
configure:17801: gcc -E  conftest.c
configure:17801: $? = 0
configure:17801: result: yes
configure:17801: checking for netinet/ip.h
configure:17801: result: yes
configure:17801: checking netdb.h usability
configure:17801: gcc -c -g -O2  conftest.c >&5
configure:17801: $? = 0
configure:17801: result: yes
configure:17801: checking netdb.h presence
configure:17801: gcc -E  conftest.c
configure:17801: $? = 0
configure:17801: result: yes
configure:17801: checking for netdb.h
configure:17801: result: yes
configure:17801: checking stdarg.h usability
configure:17801: gcc -c -g -O2  conftest.c >&5
configure:17801: $? = 0
configure:17801: result: yes
configure:17801: checking stdarg.h presence
configure:17801: gcc -E  conftest.c
configure:17801: $? = 0
configure:17801: result: yes
configure:17801: checking for stdarg.h
configure:17801: result: yes
configure:17801: checking sys/ioctl.h usability
configure:17801: gcc -c -g -O2  conftest.c >&5
configure:17801: $? = 0
configure:17801: result: yes
configure:17801: checking sys/ioctl.h presence
configure:17801: gcc -E  conftest.c
configure:17801: $? = 0
configure:17801: result: yes
configure:17801: checking for sys/ioctl.h
configure:17801: result: yes
configure:17801: checking for sys/types.h
configure:17801: result: yes
configure:17801: checking sys/socket.h usability
configure:17801: gcc -c -g -O2  conftest.c >&5
configure:17801: $? = 0
configure:17801: result: yes
configure:17801: checking sys/socket.h presence
configure:17801: gcc -E  conftest.c
configure:17801: $? = 0
configure:17801: result: yes
configure:17801: checking for sys/socket.h
configure:17801: result: yes
configure:17801: checking syslog.h usability
configure:17801: gcc -c -g -O2  conftest.c >&5
configure:17801: $? = 0
configure:17801: result: yes
configure:17801: checking syslog.h presence
configure:17801: gcc -E  conftest.c
configure:17801: $? = 0
configure:17801: result: yes
configure:17801: checking for syslog.h
configure:17801: result: yes
configure:17801: checking pulse/pulseaudio.h usability
configure:17801: gcc -c -g -O2  conftest.c >&5
configure:17801: $? = 0
configure:17801: result: yes
configure:17801: checking pulse/pulseaudio.h presence
configure:17801: gcc -E  conftest.c
configure:17801: $? = 0
configure:17801: result: yes
configure:17801: checking for pulse/pulseaudio.h
configure:17801: result: yes
configure:17801: checking termios.h usability
configure:17801: gcc -c -g -O2  conftest.c >&5
configure:17801: $? = 0
configure:17801: result: yes
configure:17801: checking termios.h presence
configure:17801: gcc -E  conftest.c
configure:17801: $? = 0
configure:17801: result: yes
configure:17801: checking for termios.h
configure:17801: result: yes
configure:17814: checking shlobj.h usability
configure:17814: gcc -c -g -O2  conftest.c >&5
conftest.c:71:20: fatal error: shlobj.h: No such file or directory
compilation terminated.
configure:17814: $? = 1
configure: failed program was:
| /* confdefs.h */
| #define PACKAGE_NAME "opennx"
| #define PACKAGE_TARNAME "opennx"
| #define PACKAGE_VERSION "0.16"
| #define PACKAGE_STRING "opennx 0.16"
| #define PACKAGE_BUGREPORT "felfert@users.sf.net"
| #define PACKAGE_URL ""
| #define PACKAGE "opennx"
| #define VERSION "0.16"
| #define STDC_HEADERS 1
| #define HAVE_SYS_TYPES_H 1
| #define HAVE_SYS_STAT_H 1
| #define HAVE_STDLIB_H 1
| #define HAVE_STRING_H 1
| #define HAVE_MEMORY_H 1
| #define HAVE_STRINGS_H 1
| #define HAVE_INTTYPES_H 1
| #define HAVE_STDINT_H 1
| #define HAVE_UNISTD_H 1
| #define HAVE_DLFCN_H 1
| #define LT_OBJDIR ".libs/"
| #define ENABLE_NLS 1
| #define HAVE_GETTEXT 1
| #define HAVE_DCGETTEXT 1
| #define HAVE_ARPA_INET_H 1
| #define HAVE_LIMITS_H 1
| #define HAVE_NETINET_IN_H 1
| #define HAVE_NETINET_IP_H 1
| #define HAVE_NETDB_H 1
| #define HAVE_STDARG_H 1
| #define HAVE_SYS_IOCTL_H 1
| #define HAVE_SYS_TYPES_H 1
| #define HAVE_SYS_SOCKET_H 1
| #define HAVE_SYSLOG_H 1
| #define HAVE_PULSE_PULSEAUDIO_H 1
| #define HAVE_TERMIOS_H 1
| /* end confdefs.h.  */
| #include <stdio.h>
| #ifdef HAVE_SYS_TYPES_H
| # include <sys/types.h>
| #endif
| #ifdef HAVE_SYS_STAT_H
| # include <sys/stat.h>
| #endif
| #ifdef STDC_HEADERS
| # include <stdlib.h>
| # include <stddef.h>
| #else
| # ifdef HAVE_STDLIB_H
| #  include <stdlib.h>
| # endif
| #endif
| #ifdef HAVE_STRING_H
| # if !defined STDC_HEADERS && defined HAVE_MEMORY_H
| #  include <memory.h>
| # endif
| # include <string.h>
| #endif
| #ifdef HAVE_STRINGS_H
| # include <strings.h>
| #endif
| #ifdef HAVE_INTTYPES_H
| # include <inttypes.h>
| #endif
| #ifdef HAVE_STDINT_H
| # include <stdint.h>
| #endif
| #ifdef HAVE_UNISTD_H
| # include <unistd.h>
| #endif
| #include <shlobj.h>
configure:17814: result: no
configure:17814: checking shlobj.h presence
configure:17814: gcc -E  conftest.c
conftest.c:38:20: fatal error: shlobj.h: No such file or directory
compilation terminated.
configure:17814: $? = 1
configure: failed program was:
| /* confdefs.h */
| #define PACKAGE_NAME "opennx"
| #define PACKAGE_TARNAME "opennx"
| #define PACKAGE_VERSION "0.16"
| #define PACKAGE_STRING "opennx 0.16"
| #define PACKAGE_BUGREPORT "felfert@users.sf.net"
| #define PACKAGE_URL ""
| #define PACKAGE "opennx"
| #define VERSION "0.16"
| #define STDC_HEADERS 1
| #define HAVE_SYS_TYPES_H 1
| #define HAVE_SYS_STAT_H 1
| #define HAVE_STDLIB_H 1
| #define HAVE_STRING_H 1
| #define HAVE_MEMORY_H 1
| #define HAVE_STRINGS_H 1
| #define HAVE_INTTYPES_H 1
| #define HAVE_STDINT_H 1
| #define HAVE_UNISTD_H 1
| #define HAVE_DLFCN_H 1
| #define LT_OBJDIR ".libs/"
| #define ENABLE_NLS 1
| #define HAVE_GETTEXT 1
| #define HAVE_DCGETTEXT 1
| #define HAVE_ARPA_INET_H 1
| #define HAVE_LIMITS_H 1
| #define HAVE_NETINET_IN_H 1
| #define HAVE_NETINET_IP_H 1
| #define HAVE_NETDB_H 1
| #define HAVE_STDARG_H 1
| #define HAVE_SYS_IOCTL_H 1
| #define HAVE_SYS_TYPES_H 1
| #define HAVE_SYS_SOCKET_H 1
| #define HAVE_SYSLOG_H 1
| #define HAVE_PULSE_PULSEAUDIO_H 1
| #define HAVE_TERMIOS_H 1
| /* end confdefs.h.  */
| #include <shlobj.h>
configure:17814: result: no
configure:17814: checking for shlobj.h
configure:17814: result: no
configure:17814: checking winsock2.h usability
configure:17814: gcc -c -g -O2  conftest.c >&5
conftest.c:71:22: fatal error: winsock2.h: No such file or directory
compilation terminated.
configure:17814: $? = 1
configure: failed program was:
| /* confdefs.h */
| #define PACKAGE_NAME "opennx"
| #define PACKAGE_TARNAME "opennx"
| #define PACKAGE_VERSION "0.16"
| #define PACKAGE_STRING "opennx 0.16"
| #define PACKAGE_BUGREPORT "felfert@users.sf.net"
| #define PACKAGE_URL ""
| #define PACKAGE "opennx"
| #define VERSION "0.16"
| #define STDC_HEADERS 1
| #define HAVE_SYS_TYPES_H 1
| #define HAVE_SYS_STAT_H 1
| #define HAVE_STDLIB_H 1
| #define HAVE_STRING_H 1
| #define HAVE_MEMORY_H 1
| #define HAVE_STRINGS_H 1
| #define HAVE_INTTYPES_H 1
| #define HAVE_STDINT_H 1
| #define HAVE_UNISTD_H 1
| #define HAVE_DLFCN_H 1
| #define LT_OBJDIR ".libs/"
| #define ENABLE_NLS 1
| #define HAVE_GETTEXT 1
| #define HAVE_DCGETTEXT 1
| #define HAVE_ARPA_INET_H 1
| #define HAVE_LIMITS_H 1
| #define HAVE_NETINET_IN_H 1
| #define HAVE_NETINET_IP_H 1
| #define HAVE_NETDB_H 1
| #define HAVE_STDARG_H 1
| #define HAVE_SYS_IOCTL_H 1
| #define HAVE_SYS_TYPES_H 1
| #define HAVE_SYS_SOCKET_H 1
| #define HAVE_SYSLOG_H 1
| #define HAVE_PULSE_PULSEAUDIO_H 1
| #define HAVE_TERMIOS_H 1
| /* end confdefs.h.  */
| #include <stdio.h>
| #ifdef HAVE_SYS_TYPES_H
| # include <sys/types.h>
| #endif
| #ifdef HAVE_SYS_STAT_H
| # include <sys/stat.h>
| #endif
| #ifdef STDC_HEADERS
| # include <stdlib.h>
| # include <stddef.h>
| #else
| # ifdef HAVE_STDLIB_H
| #  include <stdlib.h>
| # endif
| #endif
| #ifdef HAVE_STRING_H
| # if !defined STDC_HEADERS && defined HAVE_MEMORY_H
| #  include <memory.h>
| # endif
| # include <string.h>
| #endif
| #ifdef HAVE_STRINGS_H
| # include <strings.h>
| #endif
| #ifdef HAVE_INTTYPES_H
| # include <inttypes.h>
| #endif
| #ifdef HAVE_STDINT_H
| # include <stdint.h>
| #endif
| #ifdef HAVE_UNISTD_H
| # include <unistd.h>
| #endif
| #include <winsock2.h>
configure:17814: result: no
configure:17814: checking winsock2.h presence
configure:17814: gcc -E  conftest.c
conftest.c:38:22: fatal error: winsock2.h: No such file or directory
compilation terminated.
configure:17814: $? = 1
configure: failed program was:
| /* confdefs.h */
| #define PACKAGE_NAME "opennx"
| #define PACKAGE_TARNAME "opennx"
| #define PACKAGE_VERSION "0.16"
| #define PACKAGE_STRING "opennx 0.16"
| #define PACKAGE_BUGREPORT "felfert@users.sf.net"
| #define PACKAGE_URL ""
| #define PACKAGE "opennx"
| #define VERSION "0.16"
| #define STDC_HEADERS 1
| #define HAVE_SYS_TYPES_H 1
| #define HAVE_SYS_STAT_H 1
| #define HAVE_STDLIB_H 1
| #define HAVE_STRING_H 1
| #define HAVE_MEMORY_H 1
| #define HAVE_STRINGS_H 1
| #define HAVE_INTTYPES_H 1
| #define HAVE_STDINT_H 1
| #define HAVE_UNISTD_H 1
| #define HAVE_DLFCN_H 1
| #define LT_OBJDIR ".libs/"
| #define ENABLE_NLS 1
| #define HAVE_GETTEXT 1
| #define HAVE_DCGETTEXT 1
| #define HAVE_ARPA_INET_H 1
| #define HAVE_LIMITS_H 1
| #define HAVE_NETINET_IN_H 1
| #define HAVE_NETINET_IP_H 1
| #define HAVE_NETDB_H 1
| #define HAVE_STDARG_H 1
| #define HAVE_SYS_IOCTL_H 1
| #define HAVE_SYS_TYPES_H 1
| #define HAVE_SYS_SOCKET_H 1
| #define HAVE_SYSLOG_H 1
| #define HAVE_PULSE_PULSEAUDIO_H 1
| #define HAVE_TERMIOS_H 1
| /* end confdefs.h.  */
| #include <winsock2.h>
configure:17814: result: no
configure:17814: checking for winsock2.h
configure:17814: result: no
configure:17814: checking ws2tcpip.h usability
configure:17814: gcc -c -g -O2  conftest.c >&5
conftest.c:71:22: fatal error: ws2tcpip.h: No such file or directory
compilation terminated.
configure:17814: $? = 1
configure: failed program was:
| /* confdefs.h */
| #define PACKAGE_NAME "opennx"
| #define PACKAGE_TARNAME "opennx"
| #define PACKAGE_VERSION "0.16"
| #define PACKAGE_STRING "opennx 0.16"
| #define PACKAGE_BUGREPORT "felfert@users.sf.net"
| #define PACKAGE_URL ""
| #define PACKAGE "opennx"
| #define VERSION "0.16"
| #define STDC_HEADERS 1
| #define HAVE_SYS_TYPES_H 1
| #define HAVE_SYS_STAT_H 1
| #define HAVE_STDLIB_H 1
| #define HAVE_STRING_H 1
| #define HAVE_MEMORY_H 1
| #define HAVE_STRINGS_H 1
| #define HAVE_INTTYPES_H 1
| #define HAVE_STDINT_H 1
| #define HAVE_UNISTD_H 1
| #define HAVE_DLFCN_H 1
| #define LT_OBJDIR ".libs/"
| #define ENABLE_NLS 1
| #define HAVE_GETTEXT 1
| #define HAVE_DCGETTEXT 1
| #define HAVE_ARPA_INET_H 1
| #define HAVE_LIMITS_H 1
| #define HAVE_NETINET_IN_H 1
| #define HAVE_NETINET_IP_H 1
| #define HAVE_NETDB_H 1
| #define HAVE_STDARG_H 1
| #define HAVE_SYS_IOCTL_H 1
| #define HAVE_SYS_TYPES_H 1
| #define HAVE_SYS_SOCKET_H 1
| #define HAVE_SYSLOG_H 1
| #define HAVE_PULSE_PULSEAUDIO_H 1
| #define HAVE_TERMIOS_H 1
| /* end confdefs.h.  */
| #include <stdio.h>
| #ifdef HAVE_SYS_TYPES_H
| # include <sys/types.h>
| #endif
| #ifdef HAVE_SYS_STAT_H
| # include <sys/stat.h>
| #endif
| #ifdef STDC_HEADERS
| # include <stdlib.h>
| # include <stddef.h>
| #else
| # ifdef HAVE_STDLIB_H
| #  include <stdlib.h>
| # endif
| #endif
| #ifdef HAVE_STRING_H
| # if !defined STDC_HEADERS && defined HAVE_MEMORY_H
| #  include <memory.h>
| # endif
| # include <string.h>
| #endif
| #ifdef HAVE_STRINGS_H
| # include <strings.h>
| #endif
| #ifdef HAVE_INTTYPES_H
| # include <inttypes.h>
| #endif
| #ifdef HAVE_STDINT_H
| # include <stdint.h>
| #endif
| #ifdef HAVE_UNISTD_H
| # include <unistd.h>
| #endif
| #include <ws2tcpip.h>
configure:17814: result: no
configure:17814: checking ws2tcpip.h presence
configure:17814: gcc -E  conftest.c
conftest.c:38:22: fatal error: ws2tcpip.h: No such file or directory
compilation terminated.
configure:17814: $? = 1
configure: failed program was:
| /* confdefs.h */
| #define PACKAGE_NAME "opennx"
| #define PACKAGE_TARNAME "opennx"
| #define PACKAGE_VERSION "0.16"
| #define PACKAGE_STRING "opennx 0.16"
| #define PACKAGE_BUGREPORT "felfert@users.sf.net"
| #define PACKAGE_URL ""
| #define PACKAGE "opennx"
| #define VERSION "0.16"
| #define STDC_HEADERS 1
| #define HAVE_SYS_TYPES_H 1
| #define HAVE_SYS_STAT_H 1
| #define HAVE_STDLIB_H 1
| #define HAVE_STRING_H 1
| #define HAVE_MEMORY_H 1
| #define HAVE_STRINGS_H 1
| #define HAVE_INTTYPES_H 1
| #define HAVE_STDINT_H 1
| #define HAVE_UNISTD_H 1
| #define HAVE_DLFCN_H 1
| #define LT_OBJDIR ".libs/"
| #define ENABLE_NLS 1
| #define HAVE_GETTEXT 1
| #define HAVE_DCGETTEXT 1
| #define HAVE_ARPA_INET_H 1
| #define HAVE_LIMITS_H 1
| #define HAVE_NETINET_IN_H 1
| #define HAVE_NETINET_IP_H 1
| #define HAVE_NETDB_H 1
| #define HAVE_STDARG_H 1
| #define HAVE_SYS_IOCTL_H 1
| #define HAVE_SYS_TYPES_H 1
| #define HAVE_SYS_SOCKET_H 1
| #define HAVE_SYSLOG_H 1
| #define HAVE_PULSE_PULSEAUDIO_H 1
| #define HAVE_TERMIOS_H 1
| /* end confdefs.h.  */
| #include <ws2tcpip.h>
configure:17814: result: no
configure:17814: checking for ws2tcpip.h
configure:17814: result: no
configure:17826: checking for stdbool.h that conforms to C99
configure:17893: gcc -c -g -O2  conftest.c >&5
configure:17893: $? = 0
configure:17900: result: yes
configure:17902: checking for _Bool
configure:17902: gcc -c -g -O2  conftest.c >&5
configure:17902: $? = 0
configure:17902: gcc -c -g -O2  conftest.c >&5
conftest.c: In function 'main':
conftest.c:74:20: error: expected expression before ')' token
configure:17902: $? = 1
configure: failed program was:
| /* confdefs.h */
| #define PACKAGE_NAME "opennx"
| #define PACKAGE_TARNAME "opennx"
| #define PACKAGE_VERSION "0.16"
| #define PACKAGE_STRING "opennx 0.16"
| #define PACKAGE_BUGREPORT "felfert@users.sf.net"
| #define PACKAGE_URL ""
| #define PACKAGE "opennx"
| #define VERSION "0.16"
| #define STDC_HEADERS 1
| #define HAVE_SYS_TYPES_H 1
| #define HAVE_SYS_STAT_H 1
| #define HAVE_STDLIB_H 1
| #define HAVE_STRING_H 1
| #define HAVE_MEMORY_H 1
| #define HAVE_STRINGS_H 1
| #define HAVE_INTTYPES_H 1
| #define HAVE_STDINT_H 1
| #define HAVE_UNISTD_H 1
| #define HAVE_DLFCN_H 1
| #define LT_OBJDIR ".libs/"
| #define ENABLE_NLS 1
| #define HAVE_GETTEXT 1
| #define HAVE_DCGETTEXT 1
| #define HAVE_ARPA_INET_H 1
| #define HAVE_LIMITS_H 1
| #define HAVE_NETINET_IN_H 1
| #define HAVE_NETINET_IP_H 1
| #define HAVE_NETDB_H 1
| #define HAVE_STDARG_H 1
| #define HAVE_SYS_IOCTL_H 1
| #define HAVE_SYS_TYPES_H 1
| #define HAVE_SYS_SOCKET_H 1
| #define HAVE_SYSLOG_H 1
| #define HAVE_PULSE_PULSEAUDIO_H 1
| #define HAVE_TERMIOS_H 1
| /* end confdefs.h.  */
| #include <stdio.h>
| #ifdef HAVE_SYS_TYPES_H
| # include <sys/types.h>
| #endif
| #ifdef HAVE_SYS_STAT_H
| # include <sys/stat.h>
| #endif
| #ifdef STDC_HEADERS
| # include <stdlib.h>
| # include <stddef.h>
| #else
| # ifdef HAVE_STDLIB_H
| #  include <stdlib.h>
| # endif
| #endif
| #ifdef HAVE_STRING_H
| # if !defined STDC_HEADERS && defined HAVE_MEMORY_H
| #  include <memory.h>
| # endif
| # include <string.h>
| #endif
| #ifdef HAVE_STRINGS_H
| # include <strings.h>
| #endif
| #ifdef HAVE_INTTYPES_H
| # include <inttypes.h>
| #endif
| #ifdef HAVE_STDINT_H
| # include <stdint.h>
| #endif
| #ifdef HAVE_UNISTD_H
| # include <unistd.h>
| #endif
| int
| main ()
| {
| if (sizeof ((_Bool)))
| 	    return 0;
|   ;
|   return 0;
| }
configure:17902: result: yes
configure:17918: checking for an ANSI C-conforming const
configure:17983: gcc -c -g -O2  conftest.c >&5
configure:17983: $? = 0
configure:17990: result: yes
configure:17998: checking for size_t
configure:17998: gcc -c -g -O2  conftest.c >&5
configure:17998: $? = 0
configure:17998: gcc -c -g -O2  conftest.c >&5
conftest.c: In function 'main':
conftest.c:76:21: error: expected expression before ')' token
configure:17998: $? = 1
configure: failed program was:
| /* confdefs.h */
| #define PACKAGE_NAME "opennx"
| #define PACKAGE_TARNAME "opennx"
| #define PACKAGE_VERSION "0.16"
| #define PACKAGE_STRING "opennx 0.16"
| #define PACKAGE_BUGREPORT "felfert@users.sf.net"
| #define PACKAGE_URL ""
| #define PACKAGE "opennx"
| #define VERSION "0.16"
| #define STDC_HEADERS 1
| #define HAVE_SYS_TYPES_H 1
| #define HAVE_SYS_STAT_H 1
| #define HAVE_STDLIB_H 1
| #define HAVE_STRING_H 1
| #define HAVE_MEMORY_H 1
| #define HAVE_STRINGS_H 1
| #define HAVE_INTTYPES_H 1
| #define HAVE_STDINT_H 1
| #define HAVE_UNISTD_H 1
| #define HAVE_DLFCN_H 1
| #define LT_OBJDIR ".libs/"
| #define ENABLE_NLS 1
| #define HAVE_GETTEXT 1
| #define HAVE_DCGETTEXT 1
| #define HAVE_ARPA_INET_H 1
| #define HAVE_LIMITS_H 1
| #define HAVE_NETINET_IN_H 1
| #define HAVE_NETINET_IP_H 1
| #define HAVE_NETDB_H 1
| #define HAVE_STDARG_H 1
| #define HAVE_SYS_IOCTL_H 1
| #define HAVE_SYS_TYPES_H 1
| #define HAVE_SYS_SOCKET_H 1
| #define HAVE_SYSLOG_H 1
| #define HAVE_PULSE_PULSEAUDIO_H 1
| #define HAVE_TERMIOS_H 1
| #define HAVE__BOOL 1
| #define HAVE_STDBOOL_H 1
| /* end confdefs.h.  */
| #include <stdio.h>
| #ifdef HAVE_SYS_TYPES_H
| # include <sys/types.h>
| #endif
| #ifdef HAVE_SYS_STAT_H
| # include <sys/stat.h>
| #endif
| #ifdef STDC_HEADERS
| # include <stdlib.h>
| # include <stddef.h>
| #else
| # ifdef HAVE_STDLIB_H
| #  include <stdlib.h>
| # endif
| #endif
| #ifdef HAVE_STRING_H
| # if !defined STDC_HEADERS && defined HAVE_MEMORY_H
| #  include <memory.h>
| # endif
| # include <string.h>
| #endif
| #ifdef HAVE_STRINGS_H
| # include <strings.h>
| #endif
| #ifdef HAVE_INTTYPES_H
| # include <inttypes.h>
| #endif
| #ifdef HAVE_STDINT_H
| # include <stdint.h>
| #endif
| #ifdef HAVE_UNISTD_H
| # include <unistd.h>
| #endif
| int
| main ()
| {
| if (sizeof ((size_t)))
| 	    return 0;
|   ;
|   return 0;
| }
configure:17998: result: yes
configure:18009: checking for off_t
configure:18009: gcc -c -g -O2  conftest.c >&5
configure:18009: $? = 0
configure:18009: gcc -c -g -O2  conftest.c >&5
conftest.c: In function 'main':
conftest.c:76:20: error: expected expression before ')' token
configure:18009: $? = 1
configure: failed program was:
| /* confdefs.h */
| #define PACKAGE_NAME "opennx"
| #define PACKAGE_TARNAME "opennx"
| #define PACKAGE_VERSION "0.16"
| #define PACKAGE_STRING "opennx 0.16"
| #define PACKAGE_BUGREPORT "felfert@users.sf.net"
| #define PACKAGE_URL ""
| #define PACKAGE "opennx"
| #define VERSION "0.16"
| #define STDC_HEADERS 1
| #define HAVE_SYS_TYPES_H 1
| #define HAVE_SYS_STAT_H 1
| #define HAVE_STDLIB_H 1
| #define HAVE_STRING_H 1
| #define HAVE_MEMORY_H 1
| #define HAVE_STRINGS_H 1
| #define HAVE_INTTYPES_H 1
| #define HAVE_STDINT_H 1
| #define HAVE_UNISTD_H 1
| #define HAVE_DLFCN_H 1
| #define LT_OBJDIR ".libs/"
| #define ENABLE_NLS 1
| #define HAVE_GETTEXT 1
| #define HAVE_DCGETTEXT 1
| #define HAVE_ARPA_INET_H 1
| #define HAVE_LIMITS_H 1
| #define HAVE_NETINET_IN_H 1
| #define HAVE_NETINET_IP_H 1
| #define HAVE_NETDB_H 1
| #define HAVE_STDARG_H 1
| #define HAVE_SYS_IOCTL_H 1
| #define HAVE_SYS_TYPES_H 1
| #define HAVE_SYS_SOCKET_H 1
| #define HAVE_SYSLOG_H 1
| #define HAVE_PULSE_PULSEAUDIO_H 1
| #define HAVE_TERMIOS_H 1
| #define HAVE__BOOL 1
| #define HAVE_STDBOOL_H 1
| /* end confdefs.h.  */
| #include <stdio.h>
| #ifdef HAVE_SYS_TYPES_H
| # include <sys/types.h>
| #endif
| #ifdef HAVE_SYS_STAT_H
| # include <sys/stat.h>
| #endif
| #ifdef STDC_HEADERS
| # include <stdlib.h>
| # include <stddef.h>
| #else
| # ifdef HAVE_STDLIB_H
| #  include <stdlib.h>
| # endif
| #endif
| #ifdef HAVE_STRING_H
| # if !defined STDC_HEADERS && defined HAVE_MEMORY_H
| #  include <memory.h>
| # endif
| # include <string.h>
| #endif
| #ifdef HAVE_STRINGS_H
| # include <strings.h>
| #endif
| #ifdef HAVE_INTTYPES_H
| # include <inttypes.h>
| #endif
| #ifdef HAVE_STDINT_H
| # include <stdint.h>
| #endif
| #ifdef HAVE_UNISTD_H
| # include <unistd.h>
| #endif
| int
| main ()
| {
| if (sizeof ((off_t)))
| 	    return 0;
|   ;
|   return 0;
| }
configure:18009: result: yes
configure:18020: checking for pid_t
configure:18020: gcc -c -g -O2  conftest.c >&5
configure:18020: $? = 0
configure:18020: gcc -c -g -O2  conftest.c >&5
conftest.c: In function 'main':
conftest.c:76:20: error: expected expression before ')' token
configure:18020: $? = 1
configure: failed program was:
| /* confdefs.h */
| #define PACKAGE_NAME "opennx"
| #define PACKAGE_TARNAME "opennx"
| #define PACKAGE_VERSION "0.16"
| #define PACKAGE_STRING "opennx 0.16"
| #define PACKAGE_BUGREPORT "felfert@users.sf.net"
| #define PACKAGE_URL ""
| #define PACKAGE "opennx"
| #define VERSION "0.16"
| #define STDC_HEADERS 1
| #define HAVE_SYS_TYPES_H 1
| #define HAVE_SYS_STAT_H 1
| #define HAVE_STDLIB_H 1
| #define HAVE_STRING_H 1
| #define HAVE_MEMORY_H 1
| #define HAVE_STRINGS_H 1
| #define HAVE_INTTYPES_H 1
| #define HAVE_STDINT_H 1
| #define HAVE_UNISTD_H 1
| #define HAVE_DLFCN_H 1
| #define LT_OBJDIR ".libs/"
| #define ENABLE_NLS 1
| #define HAVE_GETTEXT 1
| #define HAVE_DCGETTEXT 1
| #define HAVE_ARPA_INET_H 1
| #define HAVE_LIMITS_H 1
| #define HAVE_NETINET_IN_H 1
| #define HAVE_NETINET_IP_H 1
| #define HAVE_NETDB_H 1
| #define HAVE_STDARG_H 1
| #define HAVE_SYS_IOCTL_H 1
| #define HAVE_SYS_TYPES_H 1
| #define HAVE_SYS_SOCKET_H 1
| #define HAVE_SYSLOG_H 1
| #define HAVE_PULSE_PULSEAUDIO_H 1
| #define HAVE_TERMIOS_H 1
| #define HAVE__BOOL 1
| #define HAVE_STDBOOL_H 1
| /* end confdefs.h.  */
| #include <stdio.h>
| #ifdef HAVE_SYS_TYPES_H
| # include <sys/types.h>
| #endif
| #ifdef HAVE_SYS_STAT_H
| # include <sys/stat.h>
| #endif
| #ifdef STDC_HEADERS
| # include <stdlib.h>
| # include <stddef.h>
| #else
| # ifdef HAVE_STDLIB_H
| #  include <stdlib.h>
| # endif
| #endif
| #ifdef HAVE_STRING_H
| # if !defined STDC_HEADERS && defined HAVE_MEMORY_H
| #  include <memory.h>
| # endif
| # include <string.h>
| #endif
| #ifdef HAVE_STRINGS_H
| # include <strings.h>
| #endif
| #ifdef HAVE_INTTYPES_H
| # include <inttypes.h>
| #endif
| #ifdef HAVE_STDINT_H
| # include <stdint.h>
| #endif
| #ifdef HAVE_UNISTD_H
| # include <unistd.h>
| #endif
| int
| main ()
| {
| if (sizeof ((pid_t)))
| 	    return 0;
|   ;
|   return 0;
| }
configure:18020: result: yes
configure:18031: checking for socklen_t
configure:18031: gcc -c -g -O2  conftest.c >&5
configure:18031: $? = 0
configure:18031: gcc -c -g -O2  conftest.c >&5
conftest.c: In function 'main':
conftest.c:80:24: error: expected expression before ')' token
configure:18031: $? = 1
configure: failed program was:
| /* confdefs.h */
| #define PACKAGE_NAME "opennx"
| #define PACKAGE_TARNAME "opennx"
| #define PACKAGE_VERSION "0.16"
| #define PACKAGE_STRING "opennx 0.16"
| #define PACKAGE_BUGREPORT "felfert@users.sf.net"
| #define PACKAGE_URL ""
| #define PACKAGE "opennx"
| #define VERSION "0.16"
| #define STDC_HEADERS 1
| #define HAVE_SYS_TYPES_H 1
| #define HAVE_SYS_STAT_H 1
| #define HAVE_STDLIB_H 1
| #define HAVE_STRING_H 1
| #define HAVE_MEMORY_H 1
| #define HAVE_STRINGS_H 1
| #define HAVE_INTTYPES_H 1
| #define HAVE_STDINT_H 1
| #define HAVE_UNISTD_H 1
| #define HAVE_DLFCN_H 1
| #define LT_OBJDIR ".libs/"
| #define ENABLE_NLS 1
| #define HAVE_GETTEXT 1
| #define HAVE_DCGETTEXT 1
| #define HAVE_ARPA_INET_H 1
| #define HAVE_LIMITS_H 1
| #define HAVE_NETINET_IN_H 1
| #define HAVE_NETINET_IP_H 1
| #define HAVE_NETDB_H 1
| #define HAVE_STDARG_H 1
| #define HAVE_SYS_IOCTL_H 1
| #define HAVE_SYS_TYPES_H 1
| #define HAVE_SYS_SOCKET_H 1
| #define HAVE_SYSLOG_H 1
| #define HAVE_PULSE_PULSEAUDIO_H 1
| #define HAVE_TERMIOS_H 1
| #define HAVE__BOOL 1
| #define HAVE_STDBOOL_H 1
| /* end confdefs.h.  */
| #include <stdio.h>
| #ifdef HAVE_SYS_TYPES_H
| # include <sys/types.h>
| #endif
| #ifdef HAVE_SYS_STAT_H
| # include <sys/stat.h>
| #endif
| #ifdef STDC_HEADERS
| # include <stdlib.h>
| # include <stddef.h>
| #else
| # ifdef HAVE_STDLIB_H
| #  include <stdlib.h>
| # endif
| #endif
| #ifdef HAVE_STRING_H
| # if !defined STDC_HEADERS && defined HAVE_MEMORY_H
| #  include <memory.h>
| # endif
| # include <string.h>
| #endif
| #ifdef HAVE_STRINGS_H
| # include <strings.h>
| #endif
| #ifdef HAVE_INTTYPES_H
| # include <inttypes.h>
| #endif
| #ifdef HAVE_STDINT_H
| # include <stdint.h>
| #endif
| #ifdef HAVE_UNISTD_H
| # include <unistd.h>
| #endif
| #ifdef HAVE_SYS_SOCKET_H
| #include <sys/socket.h>
| #endif
| 
| int
| main ()
| {
| if (sizeof ((socklen_t)))
| 	    return 0;
|   ;
|   return 0;
| }
configure:18031: result: yes
configure:18050: checking for memchr
configure:18050: gcc -o conftest -g -O2   conftest.c  >&5
conftest.c:67:6: warning: conflicting types for built-in function 'memchr' [enabled by default]
configure:18050: $? = 0
configure:18050: result: yes
configure:18050: checking for memset
configure:18050: gcc -o conftest -g -O2   conftest.c  >&5
conftest.c:68:6: warning: conflicting types for built-in function 'memset' [enabled by default]
configure:18050: $? = 0
configure:18050: result: yes
configure:18050: checking for putenv
configure:18050: gcc -o conftest -g -O2   conftest.c  >&5
configure:18050: $? = 0
configure:18050: result: yes
configure:18050: checking for socket
configure:18050: gcc -o conftest -g -O2   conftest.c  >&5
configure:18050: $? = 0
configure:18050: result: yes
configure:18050: checking for strchr
configure:18050: gcc -o conftest -g -O2   conftest.c  >&5
conftest.c:71:6: warning: conflicting types for built-in function 'strchr' [enabled by default]
configure:18050: $? = 0
configure:18050: result: yes
configure:18050: checking for strdup
configure:18050: gcc -o conftest -g -O2   conftest.c  >&5
conftest.c:72:6: warning: conflicting types for built-in function 'strdup' [enabled by default]
configure:18050: $? = 0
configure:18050: result: yes
configure:18050: checking for strrchr
configure:18050: gcc -o conftest -g -O2   conftest.c  >&5
conftest.c:73:6: warning: conflicting types for built-in function 'strrchr' [enabled by default]
configure:18050: $? = 0
configure:18050: result: yes
configure:18050: checking for strstr
configure:18050: gcc -o conftest -g -O2   conftest.c  >&5
conftest.c:74:6: warning: conflicting types for built-in function 'strstr' [enabled by default]
configure:18050: $? = 0
configure:18050: result: yes
configure:18050: checking for tcsetattr
configure:18050: gcc -o conftest -g -O2   conftest.c  >&5
configure:18050: $? = 0
configure:18050: result: yes
configure:18059: checking whether lstat correctly handles trailing slash
configure:18085: gcc -o conftest -g -O2   conftest.c  >&5
configure:18085: $? = 0
configure:18085: ./conftest
configure:18085: $? = 0
configure:18102: result: yes
configure:18193: will build release version
configure:18206: will enable unicode build
configure:18229: will link against shared wxWidgets libs
configure:18274: checking for wx-config
configure:18293: found /usr/bin/wx-config
configure:18306: result: /usr/bin/wx-config
configure:18324: checking for wxWidgets version >= 2.8.0 (--debug=no --unicode=yes --static=no)
configure:18368: result: yes (version 2.8.11)
configure:18372: checking for wxWidgets static library
configure:18379: result: yes
configure:18493: checking for wxLogStream
configure:18501: g++ -c  -I/usr/lib/wx/include/gtk2-unicode-release-2.8 -I/usr/include/wx-2.8 -D_FILE_OFFSET_BITS=64 -D_LARGE_FILES -D__WXGTK__ -pthread -g -O2 -I/usr/lib/wx/include/gtk2-unicode-release-2.8 -I/usr/include/wx-2.8 -D_FILE_OFFSET_BITS=64 -D_LARGE_FILES -D__WXGTK__  conftest.cpp >&5
configure:18501: $? = 0
configure:18502: result: ok
configure:18532: checking for advanced wxRegEx
configure:18543: g++ -c  -I/usr/lib/wx/include/gtk2-unicode-release-2.8 -I/usr/include/wx-2.8 -D_FILE_OFFSET_BITS=64 -D_LARGE_FILES -D__WXGTK__ -pthread -g -O2 -I/usr/lib/wx/include/gtk2-unicode-release-2.8 -I/usr/include/wx-2.8 -D_FILE_OFFSET_BITS=64 -D_LARGE_FILES -D__WXGTK__  conftest.cpp >&5
configure:18543: $? = 0
configure:18544: result: ok
configure:19414: checking for cupsd
configure:19448: result: no
configure:19477: checking for X
configure:19616: gcc -o conftest -g -O2   conftest.c -lX11  >&5
configure:19616: $? = 0
configure:19666: result: libraries , headers 
configure:19765: gcc -o conftest -g -O2   conftest.c   -lX11 >&5
configure:19765: $? = 0
configure:19863: checking for gethostbyname
configure:19863: gcc -o conftest -g -O2   conftest.c  >&5
configure:19863: $? = 0
configure:19863: result: yes
configure:19960: checking for connect
configure:19960: gcc -o conftest -g -O2   conftest.c  >&5
configure:19960: $? = 0
configure:19960: result: yes
configure:20009: checking for remove
configure:20009: gcc -o conftest -g -O2   conftest.c  >&5
configure:20009: $? = 0
configure:20009: result: yes
configure:20058: checking for shmat
configure:20058: gcc -o conftest -g -O2   conftest.c  >&5
configure:20058: $? = 0
configure:20058: result: yes
configure:20116: checking for IceConnectionNumber in -lICE
configure:20141: gcc -o conftest -g -O2   conftest.c -lICE   >&5
configure:20141: $? = 0
configure:20150: result: yes
configure:20223: checking for gawk
configure:20250: result: gawk
configure:20313: checking for curl-config
configure:20331: found /usr/bin/curl-config
configure:20343: result: /usr/bin/curl-config
configure:20354: checking for the version of libcurl
configure:20361: result: 7.31.0-DEV
configure:20422: checking whether libcurl is usable
configure:20456: gcc -o conftest -g -O2    conftest.c -lcurl    >&5
configure:20456: $? = 0
configure:20471: result: yes
configure:20484: checking for curl_free
configure:20484: gcc -o conftest -g -O2    conftest.c  -lcurl   >&5
configure:20484: $? = 0
configure:20484: result: yes
configure:20620: checking cups/cups.h usability
configure:20620: gcc -c -g -O2  conftest.c >&5
configure:20620: $? = 0
configure:20620: result: yes
configure:20620: checking cups/cups.h presence
configure:20620: gcc -E  conftest.c
configure:20620: $? = 0
configure:20620: result: yes
configure:20620: checking for cups/cups.h
configure:20620: result: yes
configure:20620: checking cups.h usability
configure:20620: gcc -c -g -O2  conftest.c >&5
conftest.c:115:18: fatal error: cups.h: No such file or directory
compilation terminated.
configure:20620: $? = 1
configure: failed program was:
| /* confdefs.h */
| #define PACKAGE_NAME "opennx"
| #define PACKAGE_TARNAME "opennx"
| #define PACKAGE_VERSION "0.16"
| #define PACKAGE_STRING "opennx 0.16"
| #define PACKAGE_BUGREPORT "felfert@users.sf.net"
| #define PACKAGE_URL ""
| #define PACKAGE "opennx"
| #define VERSION "0.16"
| #define STDC_HEADERS 1
| #define HAVE_SYS_TYPES_H 1
| #define HAVE_SYS_STAT_H 1
| #define HAVE_STDLIB_H 1
| #define HAVE_STRING_H 1
| #define HAVE_MEMORY_H 1
| #define HAVE_STRINGS_H 1
| #define HAVE_INTTYPES_H 1
| #define HAVE_STDINT_H 1
| #define HAVE_UNISTD_H 1
| #define HAVE_DLFCN_H 1
| #define LT_OBJDIR ".libs/"
| #define ENABLE_NLS 1
| #define HAVE_GETTEXT 1
| #define HAVE_DCGETTEXT 1
| #define HAVE_ARPA_INET_H 1
| #define HAVE_LIMITS_H 1
| #define HAVE_NETINET_IN_H 1
| #define HAVE_NETINET_IP_H 1
| #define HAVE_NETDB_H 1
| #define HAVE_STDARG_H 1
| #define HAVE_SYS_IOCTL_H 1
| #define HAVE_SYS_TYPES_H 1
| #define HAVE_SYS_SOCKET_H 1
| #define HAVE_SYSLOG_H 1
| #define HAVE_PULSE_PULSEAUDIO_H 1
| #define HAVE_TERMIOS_H 1
| #define HAVE__BOOL 1
| #define HAVE_STDBOOL_H 1
| #define HAVE_SOCKLEN_T 1
| #define HAVE_MEMCHR 1
| #define HAVE_MEMSET 1
| #define HAVE_PUTENV 1
| #define HAVE_SOCKET 1
| #define HAVE_STRCHR 1
| #define HAVE_STRDUP 1
| #define HAVE_STRRCHR 1
| #define HAVE_STRSTR 1
| #define HAVE_TCSETATTR 1
| #define LSTAT_FOLLOWS_SLASHED_SYMLINK 1
| #define CUPS_DEFAULT_PATH ""
| #define NX_PROTOCOL_VERSION "3.3.0"
| #define HAVE_LIBCURL 1
| #define LIBCURL_FEATURE_SSL 1
| #define LIBCURL_FEATURE_IPV6 1
| #define LIBCURL_FEATURE_LIBZ 1
| #define LIBCURL_FEATURE_ASYNCHDNS 1
| #define LIBCURL_FEATURE_IDN 1
| #define LIBCURL_FEATURE_NTLM 1
| #define LIBCURL_FEATURE_NTLM_WB 1
| #define LIBCURL_FEATURE_TLS_SRP 1
| #define LIBCURL_PROTOCOL_DICT 1
| #define LIBCURL_PROTOCOL_FILE 1
| #define LIBCURL_PROTOCOL_FTP 1
| #define LIBCURL_PROTOCOL_FTPS 1
| #define LIBCURL_PROTOCOL_GOPHER 1
| #define LIBCURL_PROTOCOL_HTTP 1
| #define LIBCURL_PROTOCOL_HTTPS 1
| #define LIBCURL_PROTOCOL_IMAP 1
| #define LIBCURL_PROTOCOL_IMAPS 1
| #define LIBCURL_PROTOCOL_POP3 1
| #define LIBCURL_PROTOCOL_POP3S 1
| #define LIBCURL_PROTOCOL_RTSP 1
| #define LIBCURL_PROTOCOL_SCP 1
| #define LIBCURL_PROTOCOL_SFTP 1
| #define LIBCURL_PROTOCOL_SMTP 1
| #define LIBCURL_PROTOCOL_SMTPS 1
| #define LIBCURL_PROTOCOL_TELNET 1
| #define LIBCURL_PROTOCOL_TFTP 1
| #define SVNREV "0"
| #define HAVE_CUPS_CUPS_H 1
| /* end confdefs.h.  */
| #include <stdio.h>
| #ifdef HAVE_SYS_TYPES_H
| # include <sys/types.h>
| #endif
| #ifdef HAVE_SYS_STAT_H
| # include <sys/stat.h>
| #endif
| #ifdef STDC_HEADERS
| # include <stdlib.h>
| # include <stddef.h>
| #else
| # ifdef HAVE_STDLIB_H
| #  include <stdlib.h>
| # endif
| #endif
| #ifdef HAVE_STRING_H
| # if !defined STDC_HEADERS && defined HAVE_MEMORY_H
| #  include <memory.h>
| # endif
| # include <string.h>
| #endif
| #ifdef HAVE_STRINGS_H
| # include <strings.h>
| #endif
| #ifdef HAVE_INTTYPES_H
| # include <inttypes.h>
| #endif
| #ifdef HAVE_STDINT_H
| # include <stdint.h>
| #endif
| #ifdef HAVE_UNISTD_H
| # include <unistd.h>
| #endif
| #include <cups.h>
configure:20620: result: no
configure:20620: checking cups.h presence
configure:20620: gcc -E  conftest.c
conftest.c:82:18: fatal error: cups.h: No such file or directory
compilation terminated.
configure:20620: $? = 1
configure: failed program was:
| /* confdefs.h */
| #define PACKAGE_NAME "opennx"
| #define PACKAGE_TARNAME "opennx"
| #define PACKAGE_VERSION "0.16"
| #define PACKAGE_STRING "opennx 0.16"
| #define PACKAGE_BUGREPORT "felfert@users.sf.net"
| #define PACKAGE_URL ""
| #define PACKAGE "opennx"
| #define VERSION "0.16"
| #define STDC_HEADERS 1
| #define HAVE_SYS_TYPES_H 1
| #define HAVE_SYS_STAT_H 1
| #define HAVE_STDLIB_H 1
| #define HAVE_STRING_H 1
| #define HAVE_MEMORY_H 1
| #define HAVE_STRINGS_H 1
| #define HAVE_INTTYPES_H 1
| #define HAVE_STDINT_H 1
| #define HAVE_UNISTD_H 1
| #define HAVE_DLFCN_H 1
| #define LT_OBJDIR ".libs/"
| #define ENABLE_NLS 1
| #define HAVE_GETTEXT 1
| #define HAVE_DCGETTEXT 1
| #define HAVE_ARPA_INET_H 1
| #define HAVE_LIMITS_H 1
| #define HAVE_NETINET_IN_H 1
| #define HAVE_NETINET_IP_H 1
| #define HAVE_NETDB_H 1
| #define HAVE_STDARG_H 1
| #define HAVE_SYS_IOCTL_H 1
| #define HAVE_SYS_TYPES_H 1
| #define HAVE_SYS_SOCKET_H 1
| #define HAVE_SYSLOG_H 1
| #define HAVE_PULSE_PULSEAUDIO_H 1
| #define HAVE_TERMIOS_H 1
| #define HAVE__BOOL 1
| #define HAVE_STDBOOL_H 1
| #define HAVE_SOCKLEN_T 1
| #define HAVE_MEMCHR 1
| #define HAVE_MEMSET 1
| #define HAVE_PUTENV 1
| #define HAVE_SOCKET 1
| #define HAVE_STRCHR 1
| #define HAVE_STRDUP 1
| #define HAVE_STRRCHR 1
| #define HAVE_STRSTR 1
| #define HAVE_TCSETATTR 1
| #define LSTAT_FOLLOWS_SLASHED_SYMLINK 1
| #define CUPS_DEFAULT_PATH ""
| #define NX_PROTOCOL_VERSION "3.3.0"
| #define HAVE_LIBCURL 1
| #define LIBCURL_FEATURE_SSL 1
| #define LIBCURL_FEATURE_IPV6 1
| #define LIBCURL_FEATURE_LIBZ 1
| #define LIBCURL_FEATURE_ASYNCHDNS 1
| #define LIBCURL_FEATURE_IDN 1
| #define LIBCURL_FEATURE_NTLM 1
| #define LIBCURL_FEATURE_NTLM_WB 1
| #define LIBCURL_FEATURE_TLS_SRP 1
| #define LIBCURL_PROTOCOL_DICT 1
| #define LIBCURL_PROTOCOL_FILE 1
| #define LIBCURL_PROTOCOL_FTP 1
| #define LIBCURL_PROTOCOL_FTPS 1
| #define LIBCURL_PROTOCOL_GOPHER 1
| #define LIBCURL_PROTOCOL_HTTP 1
| #define LIBCURL_PROTOCOL_HTTPS 1
| #define LIBCURL_PROTOCOL_IMAP 1
| #define LIBCURL_PROTOCOL_IMAPS 1
| #define LIBCURL_PROTOCOL_POP3 1
| #define LIBCURL_PROTOCOL_POP3S 1
| #define LIBCURL_PROTOCOL_RTSP 1
| #define LIBCURL_PROTOCOL_SCP 1
| #define LIBCURL_PROTOCOL_SFTP 1
| #define LIBCURL_PROTOCOL_SMTP 1
| #define LIBCURL_PROTOCOL_SMTPS 1
| #define LIBCURL_PROTOCOL_TELNET 1
| #define LIBCURL_PROTOCOL_TFTP 1
| #define SVNREV "0"
| #define HAVE_CUPS_CUPS_H 1
| /* end confdefs.h.  */
| #include <cups.h>
configure:20620: result: no
configure:20620: checking for cups.h
configure:20620: result: no
configure:20620: checking libsmbclient.h usability
configure:20620: gcc -c -g -O2  conftest.c >&5
conftest.c:115:26: fatal error: libsmbclient.h: No such file or directory
compilation terminated.
configure:20620: $? = 1
configure: failed program was:
| /* confdefs.h */
| #define PACKAGE_NAME "opennx"
| #define PACKAGE_TARNAME "opennx"
| #define PACKAGE_VERSION "0.16"
| #define PACKAGE_STRING "opennx 0.16"
| #define PACKAGE_BUGREPORT "felfert@users.sf.net"
| #define PACKAGE_URL ""
| #define PACKAGE "opennx"
| #define VERSION "0.16"
| #define STDC_HEADERS 1
| #define HAVE_SYS_TYPES_H 1
| #define HAVE_SYS_STAT_H 1
| #define HAVE_STDLIB_H 1
| #define HAVE_STRING_H 1
| #define HAVE_MEMORY_H 1
| #define HAVE_STRINGS_H 1
| #define HAVE_INTTYPES_H 1
| #define HAVE_STDINT_H 1
| #define HAVE_UNISTD_H 1
| #define HAVE_DLFCN_H 1
| #define LT_OBJDIR ".libs/"
| #define ENABLE_NLS 1
| #define HAVE_GETTEXT 1
| #define HAVE_DCGETTEXT 1
| #define HAVE_ARPA_INET_H 1
| #define HAVE_LIMITS_H 1
| #define HAVE_NETINET_IN_H 1
| #define HAVE_NETINET_IP_H 1
| #define HAVE_NETDB_H 1
| #define HAVE_STDARG_H 1
| #define HAVE_SYS_IOCTL_H 1
| #define HAVE_SYS_TYPES_H 1
| #define HAVE_SYS_SOCKET_H 1
| #define HAVE_SYSLOG_H 1
| #define HAVE_PULSE_PULSEAUDIO_H 1
| #define HAVE_TERMIOS_H 1
| #define HAVE__BOOL 1
| #define HAVE_STDBOOL_H 1
| #define HAVE_SOCKLEN_T 1
| #define HAVE_MEMCHR 1
| #define HAVE_MEMSET 1
| #define HAVE_PUTENV 1
| #define HAVE_SOCKET 1
| #define HAVE_STRCHR 1
| #define HAVE_STRDUP 1
| #define HAVE_STRRCHR 1
| #define HAVE_STRSTR 1
| #define HAVE_TCSETATTR 1
| #define LSTAT_FOLLOWS_SLASHED_SYMLINK 1
| #define CUPS_DEFAULT_PATH ""
| #define NX_PROTOCOL_VERSION "3.3.0"
| #define HAVE_LIBCURL 1
| #define LIBCURL_FEATURE_SSL 1
| #define LIBCURL_FEATURE_IPV6 1
| #define LIBCURL_FEATURE_LIBZ 1
| #define LIBCURL_FEATURE_ASYNCHDNS 1
| #define LIBCURL_FEATURE_IDN 1
| #define LIBCURL_FEATURE_NTLM 1
| #define LIBCURL_FEATURE_NTLM_WB 1
| #define LIBCURL_FEATURE_TLS_SRP 1
| #define LIBCURL_PROTOCOL_DICT 1
| #define LIBCURL_PROTOCOL_FILE 1
| #define LIBCURL_PROTOCOL_FTP 1
| #define LIBCURL_PROTOCOL_FTPS 1
| #define LIBCURL_PROTOCOL_GOPHER 1
| #define LIBCURL_PROTOCOL_HTTP 1
| #define LIBCURL_PROTOCOL_HTTPS 1
| #define LIBCURL_PROTOCOL_IMAP 1
| #define LIBCURL_PROTOCOL_IMAPS 1
| #define LIBCURL_PROTOCOL_POP3 1
| #define LIBCURL_PROTOCOL_POP3S 1
| #define LIBCURL_PROTOCOL_RTSP 1
| #define LIBCURL_PROTOCOL_SCP 1
| #define LIBCURL_PROTOCOL_SFTP 1
| #define LIBCURL_PROTOCOL_SMTP 1
| #define LIBCURL_PROTOCOL_SMTPS 1
| #define LIBCURL_PROTOCOL_TELNET 1
| #define LIBCURL_PROTOCOL_TFTP 1
| #define SVNREV "0"
| #define HAVE_CUPS_CUPS_H 1
| /* end confdefs.h.  */
| #include <stdio.h>
| #ifdef HAVE_SYS_TYPES_H
| # include <sys/types.h>
| #endif
| #ifdef HAVE_SYS_STAT_H
| # include <sys/stat.h>
| #endif
| #ifdef STDC_HEADERS
| # include <stdlib.h>
| # include <stddef.h>
| #else
| # ifdef HAVE_STDLIB_H
| #  include <stdlib.h>
| # endif
| #endif
| #ifdef HAVE_STRING_H
| # if !defined STDC_HEADERS && defined HAVE_MEMORY_H
| #  include <memory.h>
| # endif
| # include <string.h>
| #endif
| #ifdef HAVE_STRINGS_H
| # include <strings.h>
| #endif
| #ifdef HAVE_INTTYPES_H
| # include <inttypes.h>
| #endif
| #ifdef HAVE_STDINT_H
| # include <stdint.h>
| #endif
| #ifdef HAVE_UNISTD_H
| # include <unistd.h>
| #endif
| #include <libsmbclient.h>
configure:20620: result: no
configure:20620: checking libsmbclient.h presence
configure:20620: gcc -E  conftest.c
conftest.c:82:26: fatal error: libsmbclient.h: No such file or directory
compilation terminated.
configure:20620: $? = 1
configure: failed program was:
| /* confdefs.h */
| #define PACKAGE_NAME "opennx"
| #define PACKAGE_TARNAME "opennx"
| #define PACKAGE_VERSION "0.16"
| #define PACKAGE_STRING "opennx 0.16"
| #define PACKAGE_BUGREPORT "felfert@users.sf.net"
| #define PACKAGE_URL ""
| #define PACKAGE "opennx"
| #define VERSION "0.16"
| #define STDC_HEADERS 1
| #define HAVE_SYS_TYPES_H 1
| #define HAVE_SYS_STAT_H 1
| #define HAVE_STDLIB_H 1
| #define HAVE_STRING_H 1
| #define HAVE_MEMORY_H 1
| #define HAVE_STRINGS_H 1
| #define HAVE_INTTYPES_H 1
| #define HAVE_STDINT_H 1
| #define HAVE_UNISTD_H 1
| #define HAVE_DLFCN_H 1
| #define LT_OBJDIR ".libs/"
| #define ENABLE_NLS 1
| #define HAVE_GETTEXT 1
| #define HAVE_DCGETTEXT 1
| #define HAVE_ARPA_INET_H 1
| #define HAVE_LIMITS_H 1
| #define HAVE_NETINET_IN_H 1
| #define HAVE_NETINET_IP_H 1
| #define HAVE_NETDB_H 1
| #define HAVE_STDARG_H 1
| #define HAVE_SYS_IOCTL_H 1
| #define HAVE_SYS_TYPES_H 1
| #define HAVE_SYS_SOCKET_H 1
| #define HAVE_SYSLOG_H 1
| #define HAVE_PULSE_PULSEAUDIO_H 1
| #define HAVE_TERMIOS_H 1
| #define HAVE__BOOL 1
| #define HAVE_STDBOOL_H 1
| #define HAVE_SOCKLEN_T 1
| #define HAVE_MEMCHR 1
| #define HAVE_MEMSET 1
| #define HAVE_PUTENV 1
| #define HAVE_SOCKET 1
| #define HAVE_STRCHR 1
| #define HAVE_STRDUP 1
| #define HAVE_STRRCHR 1
| #define HAVE_STRSTR 1
| #define HAVE_TCSETATTR 1
| #define LSTAT_FOLLOWS_SLASHED_SYMLINK 1
| #define CUPS_DEFAULT_PATH ""
| #define NX_PROTOCOL_VERSION "3.3.0"
| #define HAVE_LIBCURL 1
| #define LIBCURL_FEATURE_SSL 1
| #define LIBCURL_FEATURE_IPV6 1
| #define LIBCURL_FEATURE_LIBZ 1
| #define LIBCURL_FEATURE_ASYNCHDNS 1
| #define LIBCURL_FEATURE_IDN 1
| #define LIBCURL_FEATURE_NTLM 1
| #define LIBCURL_FEATURE_NTLM_WB 1
| #define LIBCURL_FEATURE_TLS_SRP 1
| #define LIBCURL_PROTOCOL_DICT 1
| #define LIBCURL_PROTOCOL_FILE 1
| #define LIBCURL_PROTOCOL_FTP 1
| #define LIBCURL_PROTOCOL_FTPS 1
| #define LIBCURL_PROTOCOL_GOPHER 1
| #define LIBCURL_PROTOCOL_HTTP 1
| #define LIBCURL_PROTOCOL_HTTPS 1
| #define LIBCURL_PROTOCOL_IMAP 1
| #define LIBCURL_PROTOCOL_IMAPS 1
| #define LIBCURL_PROTOCOL_POP3 1
| #define LIBCURL_PROTOCOL_POP3S 1
| #define LIBCURL_PROTOCOL_RTSP 1
| #define LIBCURL_PROTOCOL_SCP 1
| #define LIBCURL_PROTOCOL_SFTP 1
| #define LIBCURL_PROTOCOL_SMTP 1
| #define LIBCURL_PROTOCOL_SMTPS 1
| #define LIBCURL_PROTOCOL_TELNET 1
| #define LIBCURL_PROTOCOL_TFTP 1
| #define SVNREV "0"
| #define HAVE_CUPS_CUPS_H 1
| /* end confdefs.h.  */
| #include <libsmbclient.h>
configure:20620: result: no
configure:20620: checking for libsmbclient.h
configure:20620: result: no
configure:20620: checking usb.h usability
configure:20620: gcc -c -g -O2  conftest.c >&5
configure:20620: $? = 0
configure:20620: result: yes
configure:20620: checking usb.h presence
configure:20620: gcc -E  conftest.c
configure:20620: $? = 0
configure:20620: result: yes
configure:20620: checking for usb.h
configure:20620: result: yes
configure:20691: checking for rpmbuild
configure:20707: found /usr/bin/rpmbuild
configure:20718: result: rpmbuild
configure:21362: creating ./config.status

## ---------------- ##
## Cache variables. ##
## ---------------- ##

ac_cv_build=i686-pc-linux-gnu
ac_cv_c_compiler_gnu=yes
ac_cv_c_const=yes
ac_cv_cxx_compiler_gnu=yes
ac_cv_dllpath=
ac_cv_enable_debug=NO
ac_cv_enable_singlesession=NO
ac_cv_enable_staticwx=NO
ac_cv_enable_unicode=YES
ac_cv_enable_usbip=NO
ac_cv_env_CCC_set=
ac_cv_env_CCC_value=
ac_cv_env_CC_set=
ac_cv_env_CC_value=
ac_cv_env_CFLAGS_set=
ac_cv_env_CFLAGS_value=
ac_cv_env_CPPFLAGS_set=
ac_cv_env_CPPFLAGS_value=
ac_cv_env_CPP_set=
ac_cv_env_CPP_value=
ac_cv_env_CXXCPP_set=
ac_cv_env_CXXCPP_value=
ac_cv_env_CXXFLAGS_set=
ac_cv_env_CXXFLAGS_value=
ac_cv_env_CXX_set=
ac_cv_env_CXX_value=
ac_cv_env_ISCC_set=
ac_cv_env_ISCC_value=
ac_cv_env_LDFLAGS_set=
ac_cv_env_LDFLAGS_value=
ac_cv_env_LIBS_set=
ac_cv_env_LIBS_value=
ac_cv_env_OBJDUMP_set=
ac_cv_env_OBJDUMP_value=
ac_cv_env_PACKAGEMAKER_set=
ac_cv_env_PACKAGEMAKER_value=
ac_cv_env_PERL_set=
ac_cv_env_PERL_value=
ac_cv_env_XMKMF_set=
ac_cv_env_XMKMF_value=
ac_cv_env_ZIP_set=
ac_cv_env_ZIP_value=
ac_cv_env_build_alias_set=
ac_cv_env_build_alias_value=
ac_cv_env_host_alias_set=
ac_cv_env_host_alias_value=
ac_cv_env_target_alias_set=
ac_cv_env_target_alias_value=
ac_cv_func_connect=yes
ac_cv_func_curl_free=yes
ac_cv_func_gethostbyname=yes
ac_cv_func_lstat_dereferences_slashed_symlink=yes
ac_cv_func_memchr=yes
ac_cv_func_memset=yes
ac_cv_func_putenv=yes
ac_cv_func_remove=yes
ac_cv_func_shmat=yes
ac_cv_func_socket=yes
ac_cv_func_strchr=yes
ac_cv_func_strdup=yes
ac_cv_func_strrchr=yes
ac_cv_func_strstr=yes
ac_cv_func_tcsetattr=yes
ac_cv_have_x='have_x=yes	ac_x_includes='\'''\''	ac_x_libraries='\'''\'''
ac_cv_header_arpa_inet_h=yes
ac_cv_header_cups_cups_h=yes
ac_cv_header_cups_h=no
ac_cv_header_dlfcn_h=yes
ac_cv_header_inttypes_h=yes
ac_cv_header_libsmbclient_h=no
ac_cv_header_limits_h=yes
ac_cv_header_memory_h=yes
ac_cv_header_netdb_h=yes
ac_cv_header_netinet_in_h=yes
ac_cv_header_netinet_ip_h=yes
ac_cv_header_pulse_pulseaudio_h=yes
ac_cv_header_shlobj_h=no
ac_cv_header_stdarg_h=yes
ac_cv_header_stdbool_h=yes
ac_cv_header_stdc=yes
ac_cv_header_stdint_h=yes
ac_cv_header_stdlib_h=yes
ac_cv_header_string_h=yes
ac_cv_header_strings_h=yes
ac_cv_header_sys_ioctl_h=yes
ac_cv_header_sys_socket_h=yes
ac_cv_header_sys_stat_h=yes
ac_cv_header_sys_types_h=yes
ac_cv_header_syslog_h=yes
ac_cv_header_termios_h=yes
ac_cv_header_unistd_h=yes
ac_cv_header_usb_h=yes
ac_cv_header_winsock2_h=no
ac_cv_header_ws2tcpip_h=no
ac_cv_host=i686-pc-linux-gnu
ac_cv_lib_ICE_IceConnectionNumber=yes
ac_cv_lib_resolv_res_init=no
ac_cv_lib_ws2_32_main=no
ac_cv_nxproto=3.3.0
ac_cv_objext=o
ac_cv_path_EGREP='/bin/grep -E'
ac_cv_path_FGREP='/bin/grep -F'
ac_cv_path_GMSGFMT=/usr/bin/msgfmt
ac_cv_path_GREP=/bin/grep
ac_cv_path_MSGFMT=/usr/bin/msgfmt
ac_cv_path_MSGMERGE=/usr/bin/msgmerge
ac_cv_path_SED=/bin/sed
ac_cv_path_WX_CONFIG_PATH=/usr/bin/wx-config
ac_cv_path_XGETTEXT=/usr/bin/xgettext
ac_cv_path__libcurl_config=/usr/bin/curl-config
ac_cv_path_install='/bin/install -c'
ac_cv_path_mkdir=/bin/mkdir
ac_cv_prog_AWK=gawk
ac_cv_prog_CPP='gcc -E'
ac_cv_prog_CXXCPP='g++ -E'
ac_cv_prog_OBJDUMP=objdump
ac_cv_prog_ac_ct_AR=ar
ac_cv_prog_ac_ct_CC=gcc
ac_cv_prog_ac_ct_CURL=curl
ac_cv_prog_ac_ct_CXX=g++
ac_cv_prog_ac_ct_OBJDUMP=objdump
ac_cv_prog_ac_ct_PERL=perl
ac_cv_prog_ac_ct_RANLIB=ranlib
ac_cv_prog_ac_ct_RPMBUILD=rpmbuild
ac_cv_prog_ac_ct_STRIP=strip
ac_cv_prog_ac_ct_WGET=wget
ac_cv_prog_ac_ct_ZIP=zip
ac_cv_prog_cc_c89=
ac_cv_prog_cc_g=yes
ac_cv_prog_cxx_g=yes
ac_cv_prog_make_make_set=yes
ac_cv_samba=
ac_cv_target=i686-pc-linux-gnu
ac_cv_type__Bool=yes
ac_cv_type_off_t=yes
ac_cv_type_pid_t=yes
ac_cv_type_size_t=yes
ac_cv_type_socklen_t=yes
acl_cv_hardcode_direct=no
acl_cv_hardcode_libdir_flag_spec='${wl}-rpath ${wl}$libdir'
acl_cv_hardcode_libdir_separator=
acl_cv_hardcode_minus_L=no
acl_cv_libext=a
acl_cv_libname_spec='lib$name'
acl_cv_library_names_spec='$libname$shrext'
acl_cv_path_LD=/usr/bin/ld
acl_cv_prog_gnu_ld=yes
acl_cv_rpath=done
acl_cv_shlibext=so
acl_cv_wl=-Wl,
am_cv_CC_dependencies_compiler_type=gcc3
am_cv_CXX_dependencies_compiler_type=gcc3
am_cv_make_support_nested_variables=yes
gt_cv_func_CFLocaleCopyCurrent=no
gt_cv_func_CFPreferencesCopyAppValue=no
gt_cv_func_gnugettext1_libc=yes
libcurl_cv_lib_curl_usable=yes
libcurl_cv_lib_curl_version=7.31.0-DEV
lt_cv_ar_at_file=@
lt_cv_deplibs_check_method=pass_all
lt_cv_file_magic_cmd='$MAGIC_CMD'
lt_cv_file_magic_test_file=
lt_cv_ld_reload_flag=-r
lt_cv_nm_interface='BSD nm'
lt_cv_objdir=.libs
lt_cv_path_LD=/usr/bin/ld
lt_cv_path_LDCXX=/usr/bin/ld
lt_cv_path_NM='/usr/bin/nm -B'
lt_cv_path_mainfest_tool=no
lt_cv_prog_compiler_c_o=yes
lt_cv_prog_compiler_c_o_CXX=yes
lt_cv_prog_compiler_pic='-fPIC -DPIC'
lt_cv_prog_compiler_pic_CXX='-fPIC -DPIC'
lt_cv_prog_compiler_pic_works=yes
lt_cv_prog_compiler_pic_works_CXX=yes
lt_cv_prog_compiler_rtti_exceptions=no
lt_cv_prog_compiler_static_works=yes
lt_cv_prog_compiler_static_works_CXX=no
lt_cv_prog_gnu_ld=yes
lt_cv_prog_gnu_ldcxx=yes
lt_cv_sharedlib_from_linklib_cmd='printf %s\n'
lt_cv_shlibpath_overrides_runpath=no
lt_cv_sys_global_symbol_pipe='sed -n -e '\''s/^.*[	 ]\([ABCDGIRSTW][ABCDGIRSTW]*\)[	 ][	 ]*\([_A-Za-z][_A-Za-z0-9]*\)$/\1 \2 \2/p'\'' | sed '\''/ __gnu_lto/d'\'''
lt_cv_sys_global_symbol_to_c_name_address='sed -n -e '\''s/^: \([^ ]*\)[ ]*$/  {\"\1\", (void *) 0},/p'\'' -e '\''s/^[ABCDGIRSTW]* \([^ ]*\) \([^ ]*\)$/  {"\2", (void *) \&\2},/p'\'''
lt_cv_sys_global_symbol_to_c_name_address_lib_prefix='sed -n -e '\''s/^: \([^ ]*\)[ ]*$/  {\"\1\", (void *) 0},/p'\'' -e '\''s/^[ABCDGIRSTW]* \([^ ]*\) \(lib[^ ]*\)$/  {"\2", (void *) \&\2},/p'\'' -e '\''s/^[ABCDGIRSTW]* \([^ ]*\) \([^ ]*\)$/  {"lib\2", (void *) \&\2},/p'\'''
lt_cv_sys_global_symbol_to_cdecl='sed -n -e '\''s/^T .* \(.*\)$/extern int \1();/p'\'' -e '\''s/^[ABCDGIRSTW]* .* \(.*\)$/extern char \1;/p'\'''
lt_cv_sys_max_cmd_len=5760000
lt_cv_to_host_file_cmd=func_convert_file_noop
lt_cv_to_tool_file_cmd=func_convert_file_noop

## ----------------- ##
## Output variables. ##
## ----------------- ##

ACLOCAL='${SHELL} /home/korablin/Projects/opennx-base/opennx/conf/missing --run aclocal-1.11'
AMDEPBACKSLASH='\'
AMDEP_FALSE='#'
AMDEP_TRUE=''
AMTAR='$${TAR-tar}'
AM_BACKSLASH='\'
AM_DEFAULT_V='$(AM_DEFAULT_VERBOSITY)'
AM_DEFAULT_VERBOSITY='0'
AM_V='$(V)'
APP_LDADD='-lstdc++ -lX11 -lXmu -lXau'
AR='ar'
AUTOCONF='${SHELL} /home/korablin/Projects/opennx-base/opennx/conf/missing --run autoconf'
AUTOHEADER='${SHELL} /home/korablin/Projects/opennx-base/opennx/conf/missing --run autoheader'
AUTOMAKE='${SHELL} /home/korablin/Projects/opennx-base/opennx/conf/missing --run automake-1.11'
AWK='gawk'
BUILDXMING='yes'
BUNDLE=''
CC='gcc'
CCDEPMODE='depmode=gcc3'
CFLAGS='-g -O2'
CPP='gcc -E'
CPPFLAGS=''
CURL='curl'
CXX='g++'
CXXCPP='g++ -E'
CXXDEPMODE='depmode=gcc3'
CXXFLAGS='-g -O2'
CYGBINS=''
CYGPATH_W='echo'
DEFS='-DHAVE_CONFIG_H'
DEPDIR='.deps'
DLLPATH=''
DLLTOOL='false'
DPKG_BUILDPACKAGE=''
DSYMUTIL=''
DUMPBIN=''
ECHO_C=''
ECHO_N='-n'
ECHO_T=''
EGREP='/bin/grep -E'
EXEEXT=''
FGREP='/bin/grep -F'
FULLVERSION='0.16.0.0'
GETTEXT_MACRO_VERSION='0.18'
GMSGFMT='/usr/bin/msgfmt'
GMSGFMT_015='/usr/bin/msgfmt'
GREP='/bin/grep'
INSTALL_DATA='${INSTALL} -m 644'
INSTALL_PROGRAM='${INSTALL}'
INSTALL_SCRIPT='${INSTALL}'
INSTALL_STRIP_PROGRAM='$(install_sh) -c -s'
INTLLIBS=''
INTL_MACOSX_LIBS=''
ISCC=''
LD='/usr/bin/ld'
LDFLAGS=''
LIBCURL='-lcurl  '
LIBCURL_CPPFLAGS=''
LIBICONV='-liconv'
LIBINTL=''
LIBOBJS=''
LIBS=''
LIBSSH2_BTYPE='native'
LIBTOOL='$(SHELL) $(top_builddir)/libtool'
LIPO=''
LN_S='ln -s'
LTLIBICONV='-liconv'
LTLIBINTL=''
LTLIBOBJS=''
MACFINDREADER=''
MACTESTKBD=''
MACUNINSTALL=''
MAKEINFO='${SHELL} /home/korablin/Projects/opennx-base/opennx/conf/missing --run makeinfo'
MANIFEST_TOOL=':'
MKDIR_P='/bin/mkdir -p'
MSGFMT='/usr/bin/msgfmt'
MSGFMT_015='/usr/bin/msgfmt'
MSGMERGE='/usr/bin/msgmerge'
NM='/usr/bin/nm -B'
NMEDIT=''
NXBUILD='nx'
NX_BTYPE='unknown'
OBJDUMP='objdump'
OBJEXT='o'
OPENNX_RES=''
OSRESDEPS=''
OSX_MINVER=''
OSX_SDKFLAGS=''
OSX_SYSROOT=''
OTOOL64=''
OTOOL=''
PACKAGE='opennx'
PACKAGEMAKER=''
PACKAGE_BUGREPORT='felfert@users.sf.net'
PACKAGE_NAME='opennx'
PACKAGE_STRING='opennx 0.16'
PACKAGE_TARNAME='opennx'
PACKAGE_URL=''
PACKAGE_VERSION='0.16'
PAHEADER=''
PATH_SEPARATOR=':'
PERL='perl'
PLATFORMDIST='rpm'
PLATFORM_DEPENDENCIES=''
PLATFORM_INCLUDES=''
PLATFORM_SUBDIRS=''
POSUB='po'
PULSE_BTYPE='unknown'
RANLIB='ranlib'
RC_VERSION='0,16,0,0'
RC_VERSION_STR='"0.16.0.0"'
RESLIB=''
RPMBUILD='rpmbuild'
SED='/bin/sed'
SETUP=''
SET_MAKE=''
SHELL='/bin/sh'
STATIC_LOCAL_INSTALLDATA_TARGET=''
STRIP='strip'
SVNREV='0'
TESTXAUTH=''
TRACELOG=''
TRACELOG_RES=''
UNIFLAGS=''
UNRAR=''
USE_NLS='yes'
VERSION='0.16'
WATCHREADER='watchreader$(EXEEXT)'
WATCHREADER_RES=''
WATCHUSBIP=''
WGET='wget'
WINE=''
WS2LIB=''
WX_CFLAGS=' -I/usr/lib/wx/include/gtk2-unicode-release-2.8 -I/usr/include/wx-2.8 -D_FILE_OFFSET_BITS=64 -D_LARGE_FILES -D__WXGTK__ -pthread'
WX_CFLAGS_ONLY='-pthread'
WX_CONFIG_PATH='/usr/bin/wx-config'
WX_CPPFLAGS='-I/usr/lib/wx/include/gtk2-unicode-release-2.8 -I/usr/include/wx-2.8 -D_FILE_OFFSET_BITS=64 -D_LARGE_FILES -D__WXGTK__'
WX_CXXFLAGS=' -I/usr/lib/wx/include/gtk2-unicode-release-2.8 -I/usr/include/wx-2.8 -D_FILE_OFFSET_BITS=64 -D_LARGE_FILES -D__WXGTK__ -pthread'
WX_CXXFLAGS_ONLY=''
WX_LIBS='-pthread   -lwx_gtk2u_xrc-2.8 -lwx_baseu_xml-2.8 -lwx_gtk2u_richtext-2.8 -lwx_gtk2u_qa-2.8 -lwx_gtk2u_html-2.8 -lwx_gtk2u_adv-2.8 -lwx_gtk2u_core-2.8 -lwx_baseu_net-2.8 -lwx_baseu-2.8 '
WX_LIBS_STATIC='-pthread   -lwx_gtk2u_xrc-2.8 -lwx_baseu_xml-2.8 -lwx_gtk2u_richtext-2.8 -lwx_gtk2u_qa-2.8 -lwx_gtk2u_html-2.8 -lwx_gtk2u_adv-2.8 -lwx_gtk2u_core-2.8 -lwx_baseu_net-2.8 -lwx_baseu-2.8 '
WX_PREFIX='/usr'
WX_RESCOMP=''
WX_VERSION='2.8.11'
XGETTEXT='/usr/bin/xgettext'
XGETTEXT_015='/usr/bin/xgettext'
XGETTEXT_EXTRA_OPTIONS=''
XMING_BTYPE='unknown'
XMING_PLATFORM_PATCHES=''
XMKMF=''
X_CFLAGS=''
X_EXTRA_LIBS=''
X_LIBS=''
X_PRE_LIBS=' -lSM -lICE'
ZIP='zip'
_libcurl_config=''
ac_ct_AR='ar'
ac_ct_CC='gcc'
ac_ct_CXX='g++'
ac_ct_DUMPBIN=''
am__EXEEXT_FALSE=''
am__EXEEXT_TRUE='#'
am__fastdepCC_FALSE='#'
am__fastdepCC_TRUE=''
am__fastdepCXX_FALSE='#'
am__fastdepCXX_TRUE=''
am__include='include'
am__isrc=''
am__leading_dot='.'
am__nodep='_no'
am__quote=''
am__tar='$${TAR-tar} chof - "$$tardir"'
am__untar='$${TAR-tar} xf -'
bindir='${exec_prefix}/bin'
build='i686-pc-linux-gnu'
build_alias=''
build_cpu='i686'
build_os='linux-gnu'
build_vendor='pc'
cupsd=''
datadir='${datarootdir}'
datarootdir='${prefix}/share'
docdir='${datarootdir}/doc/${PACKAGE_TARNAME}'
dvidir='${docdir}'
exec_prefix='${prefix}'
host='i686-pc-linux-gnu'
host_alias=''
host_cpu='i686'
host_os='linux-gnu'
host_vendor='pc'
htmldir='${docdir}'
includedir='${prefix}/include'
infodir='${datarootdir}/info'
install_sh='${SHELL} /home/korablin/Projects/opennx-base/opennx/conf/install-sh'
libdir='${exec_prefix}/lib'
libexecdir='${exec_prefix}/libexec'
localedir='${datarootdir}/locale'
localstatedir='${prefix}/var'
mandir='${datarootdir}/man'
mkdir_p='/bin/mkdir -p'
oldincludedir='/usr/include'
pdfdir='${docdir}'
prefix='/usr/local'
program_transform_name='s,x,x,'
psdir='${docdir}'
sbindir='${exec_prefix}/sbin'
sharedstatedir='${prefix}/com'
sysconfdir='${prefix}/etc'
target='i686-pc-linux-gnu'
target_alias=''
target_cpu='i686'
target_os='linux-gnu'
target_vendor='pc'

## ----------- ##
## confdefs.h. ##
## ----------- ##

/* confdefs.h */
#define PACKAGE_NAME "opennx"
#define PACKAGE_TARNAME "opennx"
#define PACKAGE_VERSION "0.16"
#define PACKAGE_STRING "opennx 0.16"
#define PACKAGE_BUGREPORT "felfert@users.sf.net"
#define PACKAGE_URL ""
#define PACKAGE "opennx"
#define VERSION "0.16"
#define STDC_HEADERS 1
#define HAVE_SYS_TYPES_H 1
#define HAVE_SYS_STAT_H 1
#define HAVE_STDLIB_H 1
#define HAVE_STRING_H 1
#define HAVE_MEMORY_H 1
#define HAVE_STRINGS_H 1
#define HAVE_INTTYPES_H 1
#define HAVE_STDINT_H 1
#define HAVE_UNISTD_H 1
#define HAVE_DLFCN_H 1
#define LT_OBJDIR ".libs/"
#define ENABLE_NLS 1
#define HAVE_GETTEXT 1
#define HAVE_DCGETTEXT 1
#define HAVE_ARPA_INET_H 1
#define HAVE_LIMITS_H 1
#define HAVE_NETINET_IN_H 1
#define HAVE_NETINET_IP_H 1
#define HAVE_NETDB_H 1
#define HAVE_STDARG_H 1
#define HAVE_SYS_IOCTL_H 1
#define HAVE_SYS_TYPES_H 1
#define HAVE_SYS_SOCKET_H 1
#define HAVE_SYSLOG_H 1
#define HAVE_PULSE_PULSEAUDIO_H 1
#define HAVE_TERMIOS_H 1
#define HAVE__BOOL 1
#define HAVE_STDBOOL_H 1
#define HAVE_SOCKLEN_T 1
#define HAVE_MEMCHR 1
#define HAVE_MEMSET 1
#define HAVE_PUTENV 1
#define HAVE_SOCKET 1
#define HAVE_STRCHR 1
#define HAVE_STRDUP 1
#define HAVE_STRRCHR 1
#define HAVE_STRSTR 1
#define HAVE_TCSETATTR 1
#define LSTAT_FOLLOWS_SLASHED_SYMLINK 1
#define CUPS_DEFAULT_PATH ""
#define NX_PROTOCOL_VERSION "3.3.0"
#define HAVE_LIBCURL 1
#define LIBCURL_FEATURE_SSL 1
#define LIBCURL_FEATURE_IPV6 1
#define LIBCURL_FEATURE_LIBZ 1
#define LIBCURL_FEATURE_ASYNCHDNS 1
#define LIBCURL_FEATURE_IDN 1
#define LIBCURL_FEATURE_NTLM 1
#define LIBCURL_FEATURE_NTLM_WB 1
#define LIBCURL_FEATURE_TLS_SRP 1
#define LIBCURL_PROTOCOL_DICT 1
#define LIBCURL_PROTOCOL_FILE 1
#define LIBCURL_PROTOCOL_FTP 1
#define LIBCURL_PROTOCOL_FTPS 1
#define LIBCURL_PROTOCOL_GOPHER 1
#define LIBCURL_PROTOCOL_HTTP 1
#define LIBCURL_PROTOCOL_HTTPS 1
#define LIBCURL_PROTOCOL_IMAP 1
#define LIBCURL_PROTOCOL_IMAPS 1
#define LIBCURL_PROTOCOL_POP3 1
#define LIBCURL_PROTOCOL_POP3S 1
#define LIBCURL_PROTOCOL_RTSP 1
#define LIBCURL_PROTOCOL_SCP 1
#define LIBCURL_PROTOCOL_SFTP 1
#define LIBCURL_PROTOCOL_SMTP 1
#define LIBCURL_PROTOCOL_SMTPS 1
#define LIBCURL_PROTOCOL_TELNET 1
#define LIBCURL_PROTOCOL_TFTP 1
#define SVNREV "0"
#define HAVE_CUPS_CUPS_H 1
#define HAVE_USB_H 1

configure: exit 0

## ---------------------- ##
## Running config.status. ##
## ---------------------- ##

This file was extended by opennx config.status 0.16, which was
generated by GNU Autoconf 2.68.  Invocation command line was

  CONFIG_FILES    = 
  CONFIG_HEADERS  = 
  CONFIG_LINKS    = 
  CONFIG_COMMANDS = 
  $ ./config.status 

on builder.office.etersoft.ru

config.status:1328: creating Makefile
config.status:1328: creating docs/Makefile
config.status:1328: creating opennx.spec
config.status:1328: creating res/opennx.rc
config.status:1328: creating packaging/win32/Makefile
config.status:1328: creating packaging/win32/findrequires.pl
config.status:1328: creating packaging/win32/isccwrap.sh
config.status:1328: creating packaging/win32/xming/Makefile
config.status:1328: creating packaging/win32/nx/Makefile
config.status:1328: creating packaging/win32/cygnx/Makefile
config.status:1328: creating packaging/win32/pulse/Makefile
config.status:1328: creating packaging/MacOSX/Makefile
config.status:1328: creating packaging/MacOSX/pulse/Makefile
config.status:1328: creating packaging/MacOSX/opennx.plist
config.status:1328: creating packaging/MacOSX/opennx-main.plist
config.status:1328: creating packaging/MacOSX/pkg.plist
config.status:1328: creating po/Makefile.in
config.status:1328: creating opensc/opensc-config
config.status:1328: creating config.h
config.status:1557: executing depfiles commands
config.status:1557: executing libtool commands
config.status:1557: executing po-directories commands

## ---------------------- ##
## Running config.status. ##
## ---------------------- ##

This file was extended by opennx config.status 0.16, which was
generated by GNU Autoconf 2.68.  Invocation command line was

  CONFIG_FILES    = 
  CONFIG_HEADERS  = 
  CONFIG_LINKS    = 
  CONFIG_COMMANDS = 
  $ ./config.status config.h

on builder.office.etersoft.ru

config.status:1328: creating config.h
